2024-12-11 19:47:34,842 - DEBUG - Выводим доску.
2024-12-11 19:47:36,221 - DEBUG - Клетка 1 занята [31mX.
2024-12-11 19:47:36,222 - DEBUG - Выводим доску.
2024-12-11 19:47:36,710 - DEBUG - Клетка 2 занята [32mO.
2024-12-11 19:47:36,710 - DEBUG - Выводим доску.
2024-12-11 19:47:37,199 - DEBUG - Клетка 3 занята [31mX.
2024-12-11 19:47:37,200 - DEBUG - Выводим доску.
2024-12-11 19:47:37,655 - DEBUG - Клетка 4 занята [32mO.
2024-12-11 19:47:37,656 - DEBUG - Выводим доску.
2024-12-11 19:47:38,051 - DEBUG - Клетка 5 занята [31mX.
2024-12-11 19:47:38,051 - DEBUG - Выводим доску.
2024-12-11 19:47:38,486 - DEBUG - Клетка 6 занята [32mO.
2024-12-11 19:47:38,487 - DEBUG - Выводим доску.
2024-12-11 19:47:39,753 - DEBUG - Клетка 7 занята [31mX.
2024-12-11 19:47:39,753 - INFO - 1 победил!
2024-12-11 19:47:45,860 - DEBUG - Выводим доску.
2024-12-11 19:47:47,333 - DEBUG - Клетка 3 занята [31mX.
2024-12-11 19:47:47,334 - DEBUG - Выводим доску.
2024-12-11 19:47:48,083 - DEBUG - Клетка 4 занята [32mO.
2024-12-11 19:47:48,083 - DEBUG - Выводим доску.
2024-12-11 19:47:48,898 - DEBUG - Клетка 5 занята [31mX.
2024-12-11 19:47:48,899 - DEBUG - Выводим доску.
2024-12-11 19:47:49,855 - DEBUG - Клетка 6 занята [32mO.
2024-12-11 19:47:49,856 - DEBUG - Выводим доску.
2024-12-11 19:47:50,453 - WARNING - Клетка 6 уже занята.
2024-12-11 19:47:50,453 - WARNING - 2 попытался сделать неверный ход.
2024-12-11 19:47:50,453 - DEBUG - Выводим доску.
2024-12-11 19:47:52,151 - DEBUG - Клетка 7 занята [31mX.
2024-12-11 19:47:52,151 - INFO - 2 победил!
