2024-12-11 23:22:14,123 - INFO - Директория: /etc/, Размер: 4096 байт, Создано: 2024-12-11 22:40:13.546318, Последнее изменение: 2024-12-11 22:40:13.546318, Владелец: root
2024-12-11 23:22:14,123 - INFO - Файл: /etc/.pwd.lock, Размер: 0 байт, Создано: 2024-09-12 22:21:20.252578, Последнее изменение: 2024-09-06 19:38:37, Владелец: root
2024-12-11 23:22:14,124 - INFO - Файл: /etc/adjtime, Размер: 12 байт, Создано: 2024-09-12 22:21:20.255579, Последнее изменение: 2024-04-06 16:02:51, Владелец: root
2024-12-11 23:22:14,124 - INFO - Файл: /etc/aliases, Размер: 1529 байт, Создано: 2024-09-12 22:21:20.255579, Последнее изменение: 2023-04-01 23:15:37, Владелец: root
2024-12-11 23:22:14,124 - INFO - Файл: /etc/almalinux-release, Размер: 42 байт, Создано: 2024-09-12 22:21:20.256579, Последнее изменение: 2024-05-22 17:49:44, Владелец: root
2024-12-11 23:22:14,124 - INFO - Файл: /etc/almalinux-release-upstream, Размер: 52 байт, Создано: 2024-09-12 22:21:20.256579, Последнее изменение: 2024-05-22 17:49:44, Владелец: root
2024-12-11 23:22:14,124 - INFO - Файл: /etc/bashrc, Размер: 2917 байт, Создано: 2024-09-12 22:21:20.258579, Последнее изменение: 2023-04-01 23:15:37, Владелец: root
2024-12-11 23:22:14,124 - INFO - Файл: /etc/bindresvport.blacklist, Размер: 535 байт, Создано: 2024-09-12 22:21:20.258579, Последнее изменение: 2024-07-02 23:25:58, Владелец: root
2024-12-11 23:22:14,124 - INFO - Файл: /etc/centos-release, Размер: 42 байт, Создано: 2024-09-12 22:21:20.256579, Последнее изменение: 2024-05-22 17:49:44, Владелец: root
2024-12-11 23:22:14,124 - INFO - Файл: /etc/csh.cshrc, Размер: 1629 байт, Создано: 2024-09-12 22:21:20.264538, Последнее изменение: 2023-04-01 23:15:37, Владелец: root
2024-12-11 23:22:14,125 - INFO - Файл: /etc/csh.login, Размер: 1087 байт, Создано: 2024-09-12 22:21:20.264538, Последнее изменение: 2023-04-01 23:15:37, Владелец: root
2024-12-11 23:22:14,125 - INFO - Файл: /etc/DIR_COLORS, Размер: 4536 байт, Создано: 2024-09-12 22:21:20.253578, Последнее изменение: 2023-04-01 11:43:19, Владелец: root
2024-12-11 23:22:14,125 - INFO - Файл: /etc/DIR_COLORS.256color, Размер: 5214 байт, Создано: 2024-09-12 22:21:20.253578, Последнее изменение: 2023-04-01 11:43:19, Владелец: root
2024-12-11 23:22:14,125 - INFO - Файл: /etc/DIR_COLORS.lightbgcolor, Размер: 4618 байт, Создано: 2024-09-12 22:21:20.253578, Последнее изменение: 2023-04-01 11:43:19, Владелец: root
2024-12-11 23:22:14,125 - INFO - Файл: /etc/dracut.conf, Размер: 117 байт, Создано: 2024-09-12 22:21:20.272044, Последнее изменение: 2024-04-06 16:22:13, Владелец: root
2024-12-11 23:22:14,125 - INFO - Файл: /etc/environment, Размер: 0 байт, Создано: 2024-09-12 22:21:20.273046, Последнее изменение: 2023-04-01 23:15:38, Владелец: root
2024-12-11 23:22:14,125 - INFO - Файл: /etc/ethertypes, Размер: 1362 байт, Создано: 2024-09-12 22:21:20.273046, Последнее изменение: 2018-09-10 14:51:03, Владелец: root
2024-12-11 23:22:14,125 - INFO - Файл: /etc/exports, Размер: 0 байт, Создано: 2024-09-12 22:21:20.273046, Последнее изменение: 2018-09-10 14:51:03, Владелец: root
2024-12-11 23:22:14,125 - INFO - Файл: /etc/filesystems, Размер: 66 байт, Создано: 2024-09-12 22:21:20.274165, Последнее изменение: 2018-09-10 14:51:03, Владелец: root
2024-12-11 23:22:14,126 - INFO - Файл: /etc/GREP_COLORS, Размер: 94 байт, Создано: 2024-09-12 22:21:20.254578, Последнее изменение: 2018-08-12 10:47:56, Владелец: root
2024-12-11 23:22:14,126 - INFO - Файл: /etc/group, Размер: 532 байт, Создано: 2024-09-13 00:05:58.844421, Последнее изменение: 2024-09-13 00:05:58.843421, Владелец: root
2024-12-11 23:22:14,126 - INFO - Файл: /etc/group-, Размер: 518 байт, Создано: 2024-09-13 00:05:58.843421, Последнее изменение: 2024-09-13 00:01:14, Владелец: root
2024-12-11 23:22:14,126 - INFO - Файл: /etc/gshadow, Размер: 425 байт, Создано: 2024-09-13 00:05:58.848422, Последнее изменение: 2024-09-13 00:05:58.846422, Владелец: root
2024-12-11 23:22:14,126 - INFO - Файл: /etc/gshadow-, Размер: 413 байт, Создано: 2024-09-13 00:05:58.846422, Последнее изменение: 2024-09-13 00:01:14, Владелец: root
2024-12-11 23:22:14,126 - INFO - Файл: /etc/host.conf, Размер: 9 байт, Создано: 2024-09-12 22:21:20.281678, Последнее изменение: 2018-09-10 14:51:03, Владелец: root
2024-12-11 23:22:14,126 - INFO - Файл: /etc/hostname, Размер: 8 байт, Создано: 2024-12-11 15:44:54.038022, Последнее изменение: 2024-12-11 15:44:54.038022, Владелец: root
2024-12-11 23:22:14,126 - INFO - Файл: /etc/hosts, Размер: 444 байт, Создано: 2024-12-11 15:44:54.038022, Последнее изменение: 2024-12-11 15:44:54.038022, Владелец: root
2024-12-11 23:22:14,127 - INFO - Файл: /etc/inittab, Размер: 490 байт, Создано: 2024-09-12 22:21:20.284136, Последнее изменение: 2024-07-02 23:16:38, Владелец: root
2024-12-11 23:22:14,127 - INFO - Файл: /etc/inputrc, Размер: 942 байт, Создано: 2024-09-12 22:21:20.284136, Последнее изменение: 2018-09-10 14:51:03, Владелец: root
2024-12-11 23:22:14,127 - INFO - Файл: /etc/issue, Размер: 23 байт, Создано: 2024-09-12 22:21:20.287137, Последнее изменение: 2024-05-22 17:49:44, Владелец: root
2024-12-11 23:22:14,127 - INFO - Файл: /etc/issue.net, Размер: 22 байт, Создано: 2024-09-12 22:21:20.287641, Последнее изменение: 2024-05-22 17:49:44, Владелец: root
2024-12-11 23:22:14,127 - INFO - Файл: /etc/krb5.conf, Размер: 812 байт, Создано: 2024-09-12 22:21:20.288642, Последнее изменение: 2024-08-13 22:32:34, Владелец: root
2024-12-11 23:22:14,127 - INFO - Файл: /etc/ld.so.cache, Размер: 9603 байт, Создано: 2024-10-11 02:17:35.227388, Последнее изменение: 2024-10-11 02:17:35.220052, Владелец: root
2024-12-11 23:22:14,127 - INFO - Файл: /etc/ld.so.conf, Размер: 28 байт, Создано: 2024-09-12 22:21:20.289643, Последнее изменение: 2024-08-26 16:28:54, Владелец: root
2024-12-11 23:22:14,127 - INFO - Файл: /etc/libaudit.conf, Размер: 191 байт, Создано: 2024-09-12 22:21:20.290643, Последнее изменение: 2023-08-06 23:38:56, Владелец: root
2024-12-11 23:22:14,127 - INFO - Файл: /etc/libuser.conf, Размер: 2391 байт, Создано: 2024-09-12 22:21:20.292738, Последнее изменение: 2015-07-23 22:16:13, Владелец: root
2024-12-11 23:22:14,128 - INFO - Файл: /etc/locale.conf, Размер: 19 байт, Создано: 2024-09-12 22:21:20.292738, Последнее изменение: 2024-09-06 19:38:14, Владелец: root
2024-12-11 23:22:14,128 - INFO - Файл: /etc/localtime, Размер: 1544 байт, Создано: 2024-09-12 22:21:28.046665, Последнее изменение: 2024-02-08 23:49:20, Владелец: root
2024-12-11 23:22:14,128 - INFO - Файл: /etc/login.defs, Размер: 3076 байт, Создано: 2024-09-12 22:21:20.293738, Последнее изменение: 2024-04-06 16:11:25, Владелец: root
2024-12-11 23:22:14,128 - INFO - Файл: /etc/machine-id, Размер: 33 байт, Создано: 2024-09-12 22:21:20.294738, Последнее изменение: 2024-09-06 19:38:39, Владелец: root
2024-12-11 23:22:14,128 - INFO - Файл: /etc/magic, Размер: 111 байт, Создано: 2024-09-12 22:21:20.294738, Последнее изменение: 2024-04-06 17:44:47, Владелец: root
2024-12-11 23:22:14,128 - INFO - Файл: /etc/man_db.conf, Размер: 5165 байт, Создано: 2024-09-12 22:21:20.294738, Последнее изменение: 2021-10-08 16:03:01, Владелец: root
2024-12-11 23:22:14,128 - INFO - Файл: /etc/motd, Размер: 0 байт, Создано: 2024-09-12 22:21:20.295738, Последнее изменение: 2018-09-10 14:51:03, Владелец: root
2024-12-11 23:22:14,128 - INFO - Файл: /etc/mtab, Размер: 0 байт, Создано: 2024-12-11 23:22:14.122340, Последнее изменение: 2024-12-11 23:22:14.122340, Владелец: jsvyatoslav
2024-12-11 23:22:14,129 - INFO - Файл: /etc/nanorc, Размер: 9450 байт, Создано: 2024-09-12 22:21:20.296738, Последнее изменение: 2019-10-11 21:17:06, Владелец: root
2024-12-11 23:22:14,129 - INFO - Файл: /etc/netconfig, Размер: 767 байт, Создано: 2024-09-12 22:21:20.296738, Последнее изменение: 2024-07-02 23:25:58, Владелец: root
2024-12-11 23:22:14,129 - INFO - Файл: /etc/networks, Размер: 58 байт, Создано: 2024-09-12 22:21:20.296738, Последнее изменение: 2018-09-10 14:51:03, Владелец: root
2024-12-11 23:22:14,129 - INFO - Файл: /etc/nsswitch.conf, Размер: 2215 байт, Создано: 2024-09-12 22:21:20.297739, Последнее изменение: 2024-09-06 19:38:35, Владелец: root
2024-12-11 23:22:14,129 - INFO - Файл: /etc/nsswitch.conf.bak, Размер: 2197 байт, Создано: 2024-09-12 22:21:20.297739, Последнее изменение: 2024-08-26 16:36:56, Владелец: root
2024-12-11 23:22:14,129 - INFO - Файл: /etc/os-release, Размер: 585 байт, Создано: 2024-09-12 22:21:21.935968, Последнее изменение: 2024-05-22 17:49:44, Владелец: root
2024-12-11 23:22:14,129 - INFO - Файл: /etc/passwd, Размер: 962 байт, Создано: 2024-09-13 00:05:58.899939, Последнее изменение: 2024-09-13 00:05:58.898939, Владелец: root
2024-12-11 23:22:14,129 - INFO - Файл: /etc/passwd-, Размер: 929 байт, Создано: 2024-09-13 00:05:58.898939, Последнее изменение: 2024-09-13 00:01:14, Владелец: root
2024-12-11 23:22:14,130 - INFO - Файл: /etc/printcap, Размер: 233 байт, Создано: 2024-09-12 22:21:20.328070, Последнее изменение: 2018-09-10 14:51:03, Владелец: root
2024-12-11 23:22:14,130 - INFO - Файл: /etc/profile, Размер: 2123 байт, Создано: 2024-09-12 22:21:20.328070, Последнее изменение: 2023-04-01 23:15:37, Владелец: root
2024-12-11 23:22:14,130 - INFO - Файл: /etc/protocols, Размер: 6568 байт, Создано: 2024-09-12 22:21:20.337587, Последнее изменение: 2018-09-10 14:51:03, Владелец: root
2024-12-11 23:22:14,130 - INFO - Файл: /etc/rc.local, Размер: 474 байт, Создано: 2024-09-12 22:21:20.338587, Последнее изменение: 2024-07-02 23:16:38, Владелец: root
2024-12-11 23:22:14,130 - INFO - Файл: /etc/redhat-release, Размер: 42 байт, Создано: 2024-09-12 22:21:20.256579, Последнее изменение: 2024-05-22 17:49:44, Владелец: root
2024-12-11 23:22:14,130 - INFO - Файл: /etc/resolv.conf, Размер: 223 байт, Создано: 2024-12-11 23:16:41.449407, Последнее изменение: 2024-12-11 23:16:41.449407, Владелец: root
2024-12-11 23:22:14,130 - INFO - Файл: /etc/rpc, Размер: 1634 байт, Создано: 2024-09-12 22:21:20.342859, Последнее изменение: 2018-08-01 08:10:47, Владелец: root
2024-12-11 23:22:14,130 - INFO - Файл: /etc/services, Размер: 692252 байт, Создано: 2024-09-12 22:21:20.352376, Последнее изменение: 2023-04-01 23:15:37, Владелец: root
2024-12-11 23:22:14,131 - INFO - Файл: /etc/shadow, Размер: 665 байт, Создано: 2024-09-13 00:05:58.901940, Последнее изменение: 2024-09-13 00:05:58.900939, Владелец: root
2024-12-11 23:22:14,131 - INFO - Файл: /etc/shadow-, Размер: 642 байт, Создано: 2024-09-13 00:05:58.900939, Последнее изменение: 2024-09-13 00:01:14, Владелец: root
2024-12-11 23:22:14,131 - INFO - Файл: /etc/shells, Размер: 68 байт, Создано: 2024-09-12 22:21:20.353378, Последнее изменение: 2024-09-06 19:38:41, Владелец: root
2024-12-11 23:22:14,131 - INFO - Файл: /etc/subgid, Размер: 49 байт, Создано: 2024-09-13 00:01:14.112995, Последнее изменение: 2024-09-13 00:01:14.110994, Владелец: root
2024-12-11 23:22:14,131 - INFO - Файл: /etc/subgid-, Размер: 24 байт, Создано: 2024-09-13 00:01:14.110994, Последнее изменение: 2024-09-12 22:21:35, Владелец: root
2024-12-11 23:22:14,131 - INFO - Файл: /etc/subuid, Размер: 49 байт, Создано: 2024-09-13 00:01:14.109994, Последнее изменение: 2024-09-13 00:01:14.107993, Владелец: root
2024-12-11 23:22:14,131 - INFO - Файл: /etc/subuid-, Размер: 24 байт, Создано: 2024-09-13 00:01:14.107993, Последнее изменение: 2024-09-12 22:21:35, Владелец: root
2024-12-11 23:22:14,131 - INFO - Файл: /etc/sudo-ldap.conf, Размер: 3181 байт, Создано: 2024-09-12 22:21:20.358380, Последнее изменение: 2024-02-14 05:05:23, Владелец: root
2024-12-11 23:22:14,132 - INFO - Файл: /etc/sudo.conf, Размер: 1786 байт, Создано: 2024-09-12 22:21:20.359380, Последнее изменение: 2024-02-14 05:05:23, Владелец: root
2024-12-11 23:22:14,132 - INFO - Файл: /etc/sudoers, Размер: 4400 байт, Создано: 2024-09-13 00:01:50.634109, Последнее изменение: 2024-09-13 00:01:50.621595, Владелец: root
2024-12-11 23:22:14,132 - INFO - Файл: /etc/sysctl.conf, Размер: 449 байт, Создано: 2024-09-12 22:21:20.360381, Последнее изменение: 2024-07-02 23:16:38, Владелец: root
2024-12-11 23:22:14,132 - INFO - Файл: /etc/system-release, Размер: 42 байт, Создано: 2024-09-12 22:21:20.256579, Последнее изменение: 2024-05-22 17:49:44, Владелец: root
2024-12-11 23:22:14,132 - INFO - Файл: /etc/system-release-cpe, Размер: 37 байт, Создано: 2024-09-12 22:21:20.361381, Последнее изменение: 2024-05-22 17:49:44, Владелец: root
2024-12-11 23:22:14,132 - INFO - Файл: /etc/tcsd.conf, Размер: 7046 байт, Создано: 2024-09-12 22:21:20.371392, Последнее изменение: 2024-04-06 15:42:23, Владелец: root
2024-12-11 23:22:14,132 - INFO - Файл: /etc/timezone, Размер: 14 байт, Создано: 2024-12-11 22:40:13.547318, Последнее изменение: 2024-12-11 22:40:13.547318, Владелец: root
2024-12-11 23:22:14,132 - INFO - Файл: /etc/vimrc, Размер: 1982 байт, Создано: 2024-09-12 22:21:20.391200, Последнее изменение: 2022-08-02 19:57:00, Владелец: root
2024-12-11 23:22:14,132 - INFO - Файл: /etc/virc, Размер: 1204 байт, Создано: 2024-09-12 22:21:20.391200, Последнее изменение: 2022-08-02 19:57:00, Владелец: root
2024-12-11 23:22:14,133 - INFO - Файл: /etc/wgetrc, Размер: 4925 байт, Создано: 2024-09-12 22:21:20.391705, Последнее изменение: 2024-08-14 01:22:56, Владелец: root
2024-12-11 23:22:14,133 - INFO - Файл: /etc/wsl.conf, Размер: 20 байт, Создано: 2024-09-12 22:21:20.391705, Последнее изменение: 2024-09-06 19:38:14, Владелец: root
2024-12-11 23:22:14,133 - INFO - Файл: /etc/xattr.conf, Размер: 642 байт, Создано: 2024-09-12 22:21:20.392707, Последнее изменение: 2016-12-09 22:11:13, Владелец: root
2024-12-11 23:22:14,133 - INFO - Директория: /etc/alternatives, Размер: 4096 байт, Создано: 2024-10-11 02:16:52.474330, Последнее изменение: 2024-10-11 02:16:52.474330, Владелец: root
2024-12-11 23:22:14,133 - INFO - Директория: /etc/bash_completion.d, Размер: 4096 байт, Создано: 2024-09-12 22:21:28.759102, Последнее изменение: 2024-09-06 19:38:41, Владелец: root
2024-12-11 23:22:14,133 - INFO - Директория: /etc/binfmt.d, Размер: 4096 байт, Создано: 2024-09-12 22:21:28.759102, Последнее изменение: 2024-07-02 23:16:37, Владелец: root
2024-12-11 23:22:14,133 - INFO - Директория: /etc/chkconfig.d, Размер: 4096 байт, Создано: 2024-09-12 22:21:28.759102, Последнее изменение: 2023-10-15 01:48:04, Владелец: root
2024-12-11 23:22:14,133 - INFO - Директория: /etc/crypto-policies, Размер: 4096 байт, Создано: 2024-09-12 22:21:28.758102, Последнее изменение: 2024-09-06 19:38:34, Владелец: root
2024-12-11 23:22:14,134 - INFO - Директория: /etc/dbus-1, Размер: 4096 байт, Создано: 2024-09-12 22:21:28.758102, Последнее изменение: 2024-09-06 19:38:35, Владелец: root
2024-12-11 23:22:14,134 - INFO - Директория: /etc/debuginfod, Размер: 4096 байт, Создано: 2024-09-12 22:21:28.758102, Последнее изменение: 2024-09-06 19:38:35, Владелец: root
2024-12-11 23:22:14,134 - INFO - Директория: /etc/default, Размер: 4096 байт, Создано: 2024-09-12 22:21:28.757101, Последнее изменение: 2024-09-06 19:38:36, Владелец: root
2024-12-11 23:22:14,134 - INFO - Директория: /etc/depmod.d, Размер: 4096 байт, Создано: 2024-09-12 22:21:28.757101, Последнее изменение: 2024-09-06 19:38:36, Владелец: root
2024-12-11 23:22:14,134 - INFO - Директория: /etc/dnf, Размер: 4096 байт, Создано: 2024-09-12 22:21:28.757101, Последнее изменение: 2024-09-06 19:38:29, Владелец: root
2024-12-11 23:22:14,134 - INFO - Директория: /etc/dracut.conf.d, Размер: 4096 байт, Создано: 2024-09-12 22:21:28.756101, Последнее изменение: 2024-04-06 16:22:13, Владелец: root
2024-12-11 23:22:14,134 - INFO - Директория: /etc/gcrypt, Размер: 4096 байт, Создано: 2024-09-12 22:21:28.756101, Последнее изменение: 2024-09-06 19:38:31, Владелец: root
2024-12-11 23:22:14,134 - INFO - Директория: /etc/gnupg, Размер: 4096 байт, Создано: 2024-09-12 22:21:28.756101, Последнее изменение: 2022-09-13 13:15:04, Владелец: root
2024-12-11 23:22:14,134 - INFO - Директория: /etc/groff, Размер: 4096 байт, Создано: 2024-09-12 22:21:28.756101, Последнее изменение: 2024-09-06 19:38:31, Владелец: root
2024-12-11 23:22:14,135 - INFO - Директория: /etc/grub.d, Размер: 4096 байт, Создано: 2024-09-12 22:21:28.756101, Последнее изменение: 2024-09-06 19:38:38, Владелец: root
2024-12-11 23:22:14,135 - INFO - Директория: /etc/gss, Размер: 4096 байт, Создано: 2024-09-12 22:21:28.756101, Последнее изменение: 2024-09-06 19:38:35, Владелец: root
2024-12-11 23:22:14,135 - INFO - Директория: /etc/init.d, Размер: 4096 байт, Создано: 2024-09-12 22:21:28.751594, Последнее изменение: 2024-09-06 19:38:39, Владелец: root
2024-12-11 23:22:14,135 - INFO - Директория: /etc/iproute2, Размер: 4096 байт, Создано: 2024-09-12 22:21:28.755101, Последнее изменение: 2024-09-06 19:38:41, Владелец: root
2024-12-11 23:22:14,135 - INFO - Директория: /etc/kernel, Размер: 4096 байт, Создано: 2024-09-12 22:21:28.755101, Последнее изменение: 2024-07-02 23:16:37, Владелец: root
2024-12-11 23:22:14,135 - INFO - Директория: /etc/krb5.conf.d, Размер: 4096 байт, Создано: 2024-09-12 22:21:28.755101, Последнее изменение: 2024-09-06 19:38:35, Владелец: root
2024-12-11 23:22:14,135 - INFO - Директория: /etc/ld.so.conf.d, Размер: 4096 байт, Создано: 2024-09-12 22:21:28.755101, Последнее изменение: 2024-08-26 16:53:20, Владелец: root
2024-12-11 23:22:14,135 - INFO - Директория: /etc/libibverbs.d, Размер: 4096 байт, Создано: 2024-09-13 00:05:58.700879, Последнее изменение: 2024-09-13 00:05:58.700879, Владелец: root
2024-12-11 23:22:14,136 - INFO - Директория: /etc/libnl, Размер: 4096 байт, Создано: 2024-09-13 00:05:58.293075, Последнее изменение: 2024-09-13 00:05:58.293075, Владелец: root
2024-12-11 23:22:14,136 - INFO - Директория: /etc/libreport, Размер: 4096 байт, Создано: 2024-09-12 22:21:28.755101, Последнее изменение: 2024-09-06 19:38:29, Владелец: root
2024-12-11 23:22:14,136 - INFO - Директория: /etc/libssh, Размер: 4096 байт, Создано: 2024-09-12 22:21:28.754101, Последнее изменение: 2024-09-06 19:38:29, Владелец: root
2024-12-11 23:22:14,136 - INFO - Директория: /etc/logrotate.d, Размер: 4096 байт, Создано: 2024-09-12 22:21:28.754101, Последнее изменение: 2024-09-06 19:38:29, Владелец: root
2024-12-11 23:22:14,136 - INFO - Директория: /etc/modprobe.d, Размер: 4096 байт, Создано: 2024-09-12 22:21:28.754101, Последнее изменение: 2024-04-08 12:18:53, Владелец: root
2024-12-11 23:22:14,136 - INFO - Директория: /etc/modules-load.d, Размер: 4096 байт, Создано: 2024-09-12 22:21:28.754101, Последнее изменение: 2024-07-02 23:16:37, Владелец: root
2024-12-11 23:22:14,136 - INFO - Директория: /etc/motd.d, Размер: 4096 байт, Создано: 2024-09-12 22:21:28.754101, Последнее изменение: 2024-07-02 23:16:34, Владелец: root
2024-12-11 23:22:14,136 - INFO - Директория: /etc/openldap, Размер: 4096 байт, Создано: 2024-09-12 22:21:28.754101, Последнее изменение: 2024-09-06 19:38:34, Владелец: root
2024-12-11 23:22:14,137 - INFO - Директория: /etc/opt, Размер: 4096 байт, Создано: 2024-09-12 22:21:28.754101, Последнее изменение: 2021-10-09 11:49:37, Владелец: root
2024-12-11 23:22:14,137 - INFO - Директория: /etc/pam.d, Размер: 4096 байт, Создано: 2024-09-12 22:21:28.754101, Последнее изменение: 2024-09-06 19:38:41, Владелец: root
2024-12-11 23:22:14,137 - INFO - Директория: /etc/pkcs11, Размер: 4096 байт, Создано: 2024-09-12 22:21:28.754101, Последнее изменение: 2024-09-06 19:38:31, Владелец: root
2024-12-11 23:22:14,137 - INFO - Директория: /etc/pki, Размер: 4096 байт, Создано: 2024-09-12 22:21:28.753102, Последнее изменение: 2024-09-06 19:38:36, Владелец: root
2024-12-11 23:22:14,137 - INFO - Директория: /etc/pm, Размер: 4096 байт, Создано: 2024-09-12 22:21:28.752099, Последнее изменение: 2024-09-06 19:38:30, Владелец: root
2024-12-11 23:22:14,137 - INFO - Директория: /etc/popt.d, Размер: 4096 байт, Создано: 2024-09-12 22:21:28.751594, Последнее изменение: 2021-04-09 07:33:53, Владелец: root
2024-12-11 23:22:14,137 - INFO - Директория: /etc/profile.d, Размер: 4096 байт, Создано: 2024-09-12 22:21:28.751594, Последнее изменение: 2024-09-06 19:38:41, Владелец: root
2024-12-11 23:22:14,137 - INFO - Директория: /etc/rc.d, Размер: 4096 байт, Создано: 2024-09-12 22:21:28.751594, Последнее изменение: 2024-09-06 19:38:39, Владелец: root
2024-12-11 23:22:14,137 - INFO - Директория: /etc/rc0.d, Размер: 4096 байт, Создано: 2024-09-12 22:21:28.750593, Последнее изменение: 2023-10-15 01:48:04, Владелец: root
2024-12-11 23:22:14,138 - INFO - Директория: /etc/rc1.d, Размер: 4096 байт, Создано: 2024-09-12 22:21:28.750593, Последнее изменение: 2023-10-15 01:48:04, Владелец: root
2024-12-11 23:22:14,138 - INFO - Директория: /etc/rc2.d, Размер: 4096 байт, Создано: 2024-09-12 22:21:28.750593, Последнее изменение: 2023-10-15 01:48:04, Владелец: root
2024-12-11 23:22:14,138 - INFO - Директория: /etc/rc3.d, Размер: 4096 байт, Создано: 2024-09-12 22:21:28.750593, Последнее изменение: 2023-10-15 01:48:04, Владелец: root
2024-12-11 23:22:14,138 - INFO - Директория: /etc/rc4.d, Размер: 4096 байт, Создано: 2024-09-12 22:21:28.750593, Последнее изменение: 2023-10-15 01:48:04, Владелец: root
2024-12-11 23:22:14,138 - INFO - Директория: /etc/rc5.d, Размер: 4096 байт, Создано: 2024-09-12 22:21:28.750593, Последнее изменение: 2023-10-15 01:48:04, Владелец: root
2024-12-11 23:22:14,138 - INFO - Директория: /etc/rc6.d, Размер: 4096 байт, Создано: 2024-09-12 22:21:28.750593, Последнее изменение: 2023-10-15 01:48:04, Владелец: root
2024-12-11 23:22:14,138 - INFO - Директория: /etc/rpm, Размер: 4096 байт, Создано: 2024-09-12 22:21:28.750593, Последнее изменение: 2024-04-06 16:14:33, Владелец: root
2024-12-11 23:22:14,138 - INFO - Директория: /etc/sasl2, Размер: 4096 байт, Создано: 2024-09-12 22:21:28.750593, Последнее изменение: 2022-02-23 23:13:55, Владелец: root
2024-12-11 23:22:14,139 - INFO - Директория: /etc/security, Размер: 4096 байт, Создано: 2024-09-12 22:21:28.749593, Последнее изменение: 2024-09-06 19:38:38, Владелец: root
2024-12-11 23:22:14,139 - INFO - Директория: /etc/selinux, Размер: 4096 байт, Создано: 2024-09-12 22:21:28.749593, Последнее изменение: 2024-09-06 19:38:31, Владелец: root
2024-12-11 23:22:14,139 - INFO - Директория: /etc/skel, Размер: 4096 байт, Создано: 2024-09-12 22:21:28.749593, Последнее изменение: 2024-09-06 19:38:31, Владелец: root
2024-12-11 23:22:14,139 - INFO - Директория: /etc/ssh, Размер: 4096 байт, Создано: 2024-09-12 22:21:28.749593, Последнее изменение: 2024-09-06 19:38:41, Владелец: root
2024-12-11 23:22:14,139 - INFO - Директория: /etc/ssl, Размер: 4096 байт, Создано: 2024-09-12 22:21:28.748593, Последнее изменение: 2024-09-06 19:38:36, Владелец: root
2024-12-11 23:22:14,139 - INFO - Директория: /etc/sudoers.d, Размер: 4096 байт, Создано: 2024-09-12 22:21:28.748593, Последнее изменение: 2024-02-14 05:13:48, Владелец: root
2024-12-11 23:22:14,139 - INFO - Директория: /etc/sysconfig, Размер: 4096 байт, Создано: 2024-09-12 22:21:28.748593, Последнее изменение: 2024-09-06 19:38:41, Владелец: root
2024-12-11 23:22:14,139 - INFO - Директория: /etc/sysctl.d, Размер: 4096 байт, Создано: 2024-09-12 22:21:28.748593, Последнее изменение: 2024-09-06 19:38:39, Владелец: root
2024-12-11 23:22:14,139 - INFO - Директория: /etc/systemd, Размер: 4096 байт, Создано: 2024-09-12 22:21:28.748593, Последнее изменение: 2024-09-06 19:38:39, Владелец: root
2024-12-11 23:22:14,140 - INFO - Директория: /etc/terminfo, Размер: 4096 байт, Создано: 2024-09-12 22:21:28.747593, Последнее изменение: 2023-10-14 21:52:14, Владелец: root
2024-12-11 23:22:14,140 - INFO - Директория: /etc/tmpfiles.d, Размер: 4096 байт, Создано: 2024-09-12 22:21:28.747593, Последнее изменение: 2024-07-02 23:16:38, Владелец: root
2024-12-11 23:22:14,140 - INFO - Директория: /etc/udev, Размер: 4096 байт, Создано: 2024-09-12 22:21:28.747593, Последнее изменение: 2024-09-06 19:38:40, Владелец: root
2024-12-11 23:22:14,140 - INFO - Директория: /etc/unbound, Размер: 4096 байт, Создано: 2024-09-12 22:21:28.747593, Последнее изменение: 2024-09-06 19:38:40, Владелец: root
2024-12-11 23:22:14,140 - INFO - Директория: /etc/X11, Размер: 4096 байт, Создано: 2024-09-12 22:21:28.759102, Последнее изменение: 2024-09-06 19:38:39, Владелец: root
2024-12-11 23:22:14,140 - INFO - Директория: /etc/xdg, Размер: 4096 байт, Создано: 2024-09-12 22:21:28.747593, Последнее изменение: 2024-09-06 19:38:39, Владелец: root
2024-12-11 23:22:14,140 - INFO - Директория: /etc/xinetd.d, Размер: 4096 байт, Создано: 2024-09-12 22:21:28.746593, Последнее изменение: 2021-10-09 11:49:37, Владелец: root
2024-12-11 23:22:14,140 - INFO - Директория: /etc/yum.repos.d, Размер: 4096 байт, Создано: 2024-09-12 22:21:28.746593, Последнее изменение: 2024-09-06 19:38:30, Владелец: root
2024-12-11 23:22:14,148 - INFO - Директория: /etc/alternatives, Размер: 4096 байт, Создано: 2024-10-11 02:16:52.474330, Последнее изменение: 2024-10-11 02:16:52.474330, Владелец: root
2024-12-11 23:22:14,148 - INFO - Файл: /etc/alternatives/easy_install-3, Размер: 246 байт, Создано: 2024-10-11 02:16:52.361778, Последнее изменение: 2024-08-19 10:28:57, Владелец: root
2024-12-11 23:22:14,148 - INFO - Файл: /etc/alternatives/libnssckbi.so.x86_64, Размер: 255224 байт, Создано: 2024-09-12 22:21:23.320071, Последнее изменение: 2024-04-06 17:16:19, Владелец: root
2024-12-11 23:22:14,148 - INFO - Файл: /etc/alternatives/pip-3, Размер: 209 байт, Создано: 2024-10-11 02:16:52.378471, Последнее изменение: 2024-04-06 16:40:45, Владелец: root
2024-12-11 23:22:14,149 - INFO - Файл: /etc/alternatives/pip3, Размер: 209 байт, Создано: 2024-10-11 02:16:52.378471, Последнее изменение: 2024-04-06 16:40:45, Владелец: root
2024-12-11 23:22:14,149 - INFO - Файл: /etc/alternatives/pydoc-3, Размер: 89 байт, Создано: 2024-09-12 22:21:20.633108, Последнее изменение: 2024-05-23 19:31:53, Владелец: root
2024-12-11 23:22:14,149 - INFO - Файл: /etc/alternatives/pydoc3, Размер: 89 байт, Создано: 2024-09-12 22:21:20.633108, Последнее изменение: 2024-05-23 19:31:53, Владелец: root
2024-12-11 23:22:14,149 - INFO - Файл: /etc/alternatives/python, Размер: 157 байт, Создано: 2024-09-12 22:21:24.555805, Последнее изменение: 2024-05-23 19:32:03, Владелец: root
2024-12-11 23:22:14,149 - INFO - Файл: /etc/alternatives/python3, Размер: 11872 байт, Создано: 2024-09-12 22:21:24.576252, Последнее изменение: 2024-05-23 19:32:07, Владелец: root
2024-12-11 23:22:14,149 - INFO - Файл: /etc/alternatives/python3-man, Размер: 5226 байт, Создано: 2024-09-12 22:21:26.200449, Последнее изменение: 2018-12-24 00:37:14, Владелец: root
2024-12-11 23:22:14,149 - INFO - Файл: /etc/alternatives/pyvenv-3, Размер: 446 байт, Создано: 2024-09-12 22:21:20.633108, Последнее изменение: 2024-05-23 19:31:53, Владелец: root
2024-12-11 23:22:14,150 - INFO - Файл: /etc/alternatives/unversioned-python-man, Размер: 603 байт, Создано: 2024-09-12 22:21:26.262245, Последнее изменение: 2024-05-23 19:32:03, Владелец: root
2024-12-11 23:22:14,150 - INFO - Директория: /etc/bash_completion.d, Размер: 4096 байт, Создано: 2024-09-12 22:21:28.759102, Последнее изменение: 2024-09-06 19:38:41, Владелец: root
2024-12-11 23:22:14,150 - INFO - Файл: /etc/bash_completion.d/redefine_filedir, Размер: 1465 байт, Создано: 2024-09-12 22:21:20.257579, Последнее изменение: 2019-10-12 02:19:34, Владелец: root
2024-12-11 23:22:14,150 - INFO - Директория: /etc/binfmt.d, Размер: 4096 байт, Создано: 2024-09-12 22:21:28.759102, Последнее изменение: 2024-07-02 23:16:37, Владелец: root
2024-12-11 23:22:14,150 - INFO - Директория: /etc/chkconfig.d, Размер: 4096 байт, Создано: 2024-09-12 22:21:28.759102, Последнее изменение: 2023-10-15 01:48:04, Владелец: root
2024-12-11 23:22:14,151 - INFO - Директория: /etc/crypto-policies, Размер: 4096 байт, Создано: 2024-09-12 22:21:28.758102, Последнее изменение: 2024-09-06 19:38:34, Владелец: root
2024-12-11 23:22:14,151 - INFO - Файл: /etc/crypto-policies/config, Размер: 8 байт, Создано: 2024-09-12 22:21:20.262083, Последнее изменение: 2024-09-06 19:38:34, Владелец: root
2024-12-11 23:22:14,151 - INFO - Директория: /etc/crypto-policies/back-ends, Размер: 4096 байт, Создано: 2024-09-12 22:21:28.758102, Последнее изменение: 2024-09-06 19:38:41, Владелец: root
2024-12-11 23:22:14,151 - INFO - Директория: /etc/crypto-policies/local.d, Размер: 4096 байт, Создано: 2024-09-12 22:21:28.758102, Последнее изменение: 2023-10-15 06:58:25, Владелец: root
2024-12-11 23:22:14,151 - INFO - Директория: /etc/crypto-policies/policies, Размер: 4096 байт, Создано: 2024-09-12 22:21:28.758102, Последнее изменение: 2024-09-06 19:38:34, Владелец: root
2024-12-11 23:22:14,152 - INFO - Директория: /etc/crypto-policies/state, Размер: 4096 байт, Создано: 2024-09-12 22:21:28.758102, Последнее изменение: 2024-09-06 19:38:41, Владелец: root
2024-12-11 23:22:14,153 - INFO - Директория: /etc/crypto-policies/back-ends, Размер: 4096 байт, Создано: 2024-09-12 22:21:28.758102, Последнее изменение: 2024-09-06 19:38:41, Владелец: root
2024-12-11 23:22:14,154 - INFO - Файл: /etc/crypto-policies/back-ends/bind.config, Размер: 94 байт, Создано: 2024-09-12 22:21:25.223904, Последнее изменение: 2023-10-15 06:58:25, Владелец: root
2024-12-11 23:22:14,154 - INFO - Файл: /etc/crypto-policies/back-ends/gnutls.config, Размер: 437 байт, Создано: 2024-09-12 22:21:25.224904, Последнее изменение: 2023-10-15 06:58:25, Владелец: root
2024-12-11 23:22:14,154 - INFO - Файл: /etc/crypto-policies/back-ends/java.config, Размер: 389 байт, Создано: 2024-09-12 22:21:25.224904, Последнее изменение: 2023-10-15 06:58:25, Владелец: root
2024-12-11 23:22:14,154 - INFO - Файл: /etc/crypto-policies/back-ends/krb5.config, Размер: 179 байт, Создано: 2024-09-12 22:21:25.224904, Последнее изменение: 2023-10-15 06:58:25, Владелец: root
2024-12-11 23:22:14,154 - INFO - Файл: /etc/crypto-policies/back-ends/libreswan.config, Размер: 448 байт, Создано: 2024-09-12 22:21:25.225905, Последнее изменение: 2023-10-15 06:58:25, Владелец: root
2024-12-11 23:22:14,154 - INFO - Файл: /etc/crypto-policies/back-ends/libssh.config, Размер: 1324 байт, Создано: 2024-09-12 22:21:25.225905, Последнее изменение: 2023-10-15 06:58:25, Владелец: root
2024-12-11 23:22:14,154 - INFO - Файл: /etc/crypto-policies/back-ends/nss.config, Размер: 406 байт, Создано: 2024-09-12 22:21:25.226905, Последнее изменение: 2023-10-15 06:58:25, Владелец: root
2024-12-11 23:22:14,155 - INFO - Файл: /etc/crypto-policies/back-ends/openssh.config, Размер: 1257 байт, Создано: 2024-09-12 22:21:25.226905, Последнее изменение: 2023-10-15 06:58:25, Владелец: root
2024-12-11 23:22:14,155 - INFO - Файл: /etc/crypto-policies/back-ends/opensshserver.config, Размер: 1663 байт, Создано: 2024-09-12 22:21:25.227906, Последнее изменение: 2023-10-15 06:58:25, Владелец: root
2024-12-11 23:22:14,155 - INFO - Файл: /etc/crypto-policies/back-ends/openssl.config, Размер: 142 байт, Создано: 2024-09-12 22:21:25.227906, Последнее изменение: 2023-10-15 06:58:25, Владелец: root
2024-12-11 23:22:14,155 - INFO - Файл: /etc/crypto-policies/back-ends/opensslcnf.config, Размер: 647 байт, Создано: 2024-09-12 22:21:25.227906, Последнее изменение: 2023-10-15 06:58:25, Владелец: root
2024-12-11 23:22:14,155 - INFO - Директория: /etc/crypto-policies/local.d, Размер: 4096 байт, Создано: 2024-09-12 22:21:28.758102, Последнее изменение: 2023-10-15 06:58:25, Владелец: root
2024-12-11 23:22:14,155 - INFO - Директория: /etc/crypto-policies/policies, Размер: 4096 байт, Создано: 2024-09-12 22:21:28.758102, Последнее изменение: 2024-09-06 19:38:34, Владелец: root
2024-12-11 23:22:14,156 - INFO - Директория: /etc/crypto-policies/policies/modules, Размер: 4096 байт, Создано: 2024-09-12 22:21:28.758102, Последнее изменение: 2023-10-15 06:58:25, Владелец: root
2024-12-11 23:22:14,156 - INFO - Директория: /etc/crypto-policies/policies/modules, Размер: 4096 байт, Создано: 2024-09-12 22:21:28.758102, Последнее изменение: 2023-10-15 06:58:25, Владелец: root
2024-12-11 23:22:14,156 - INFO - Директория: /etc/crypto-policies/state, Размер: 4096 байт, Создано: 2024-09-12 22:21:28.758102, Последнее изменение: 2024-09-06 19:38:41, Владелец: root
2024-12-11 23:22:14,156 - INFO - Файл: /etc/crypto-policies/state/current, Размер: 8 байт, Создано: 2024-09-12 22:21:20.264538, Последнее изменение: 2024-09-06 19:38:41, Владелец: root
2024-12-11 23:22:14,156 - INFO - Файл: /etc/crypto-policies/state/CURRENT.pol, Размер: 1902 байт, Создано: 2024-09-12 22:21:20.264538, Последнее изменение: 2024-09-06 19:38:41, Владелец: root
2024-12-11 23:22:14,157 - INFO - Директория: /etc/dbus-1, Размер: 4096 байт, Создано: 2024-09-12 22:21:28.758102, Последнее изменение: 2024-09-06 19:38:35, Владелец: root
2024-12-11 23:22:14,157 - INFO - Файл: /etc/dbus-1/session.conf, Размер: 838 байт, Создано: 2024-09-12 22:21:20.265538, Последнее изменение: 2023-10-15 10:00:03, Владелец: root
2024-12-11 23:22:14,157 - INFO - Файл: /etc/dbus-1/system.conf, Размер: 833 байт, Создано: 2024-09-12 22:21:20.265538, Последнее изменение: 2023-10-15 10:00:03, Владелец: root
2024-12-11 23:22:14,157 - INFO - Директория: /etc/dbus-1/session.d, Размер: 4096 байт, Создано: 2024-09-12 22:21:28.758102, Последнее изменение: 2023-10-15 10:00:20, Владелец: root
2024-12-11 23:22:14,158 - INFO - Директория: /etc/dbus-1/system.d, Размер: 4096 байт, Создано: 2024-09-12 22:21:28.758102, Последнее изменение: 2023-10-15 10:00:20, Владелец: root
2024-12-11 23:22:14,158 - INFO - Директория: /etc/dbus-1/session.d, Размер: 4096 байт, Создано: 2024-09-12 22:21:28.758102, Последнее изменение: 2023-10-15 10:00:20, Владелец: root
2024-12-11 23:22:14,158 - INFO - Директория: /etc/dbus-1/system.d, Размер: 4096 байт, Создано: 2024-09-12 22:21:28.758102, Последнее изменение: 2023-10-15 10:00:20, Владелец: root
2024-12-11 23:22:14,158 - INFO - Директория: /etc/debuginfod, Размер: 4096 байт, Создано: 2024-09-12 22:21:28.758102, Последнее изменение: 2024-09-06 19:38:35, Владелец: root
2024-12-11 23:22:14,158 - INFO - Файл: /etc/debuginfod/elfutils.urls, Размер: 31 байт, Создано: 2024-09-12 22:21:20.266539, Последнее изменение: 2024-04-06 16:39:47, Владелец: root
2024-12-11 23:22:14,159 - INFO - Директория: /etc/default, Размер: 4096 байт, Создано: 2024-09-12 22:21:28.757101, Последнее изменение: 2024-09-06 19:38:36, Владелец: root
2024-12-11 23:22:14,159 - INFO - Файл: /etc/default/useradd, Размер: 119 байт, Создано: 2024-09-12 22:21:20.267540, Последнее изменение: 2024-04-06 16:11:25, Владелец: root
2024-12-11 23:22:14,159 - INFO - Директория: /etc/depmod.d, Размер: 4096 байт, Создано: 2024-09-12 22:21:28.757101, Последнее изменение: 2024-09-06 19:38:36, Владелец: root
2024-12-11 23:22:14,159 - INFO - Файл: /etc/depmod.d/dist.conf, Размер: 116 байт, Создано: 2024-09-12 22:21:20.267540, Последнее изменение: 2024-04-08 12:18:53, Владелец: root
2024-12-11 23:22:14,160 - INFO - Директория: /etc/dnf, Размер: 4096 байт, Создано: 2024-09-12 22:21:28.757101, Последнее изменение: 2024-09-06 19:38:29, Владелец: root
2024-12-11 23:22:14,160 - INFO - Файл: /etc/dnf/dnf.conf, Размер: 108 байт, Создано: 2024-09-12 22:21:20.268539, Последнее изменение: 2021-04-12 18:26:33, Владелец: root
2024-12-11 23:22:14,160 - INFO - Директория: /etc/dnf/aliases.d, Размер: 4096 байт, Создано: 2024-09-12 22:21:28.757101, Последнее изменение: 2024-04-08 12:55:13, Владелец: root
2024-12-11 23:22:14,160 - INFO - Директория: /etc/dnf/modules.d, Размер: 4096 байт, Создано: 2024-10-11 02:17:30.880826, Последнее изменение: 2024-10-11 02:17:30.880826, Владелец: root
2024-12-11 23:22:14,161 - INFO - Директория: /etc/dnf/modules.defaults.d, Размер: 4096 байт, Создано: 2024-09-12 22:21:28.757101, Последнее изменение: 2024-04-08 12:55:13, Владелец: root
2024-12-11 23:22:14,161 - INFO - Директория: /etc/dnf/plugins, Размер: 4096 байт, Создано: 2024-09-12 22:21:28.757101, Последнее изменение: 2024-09-06 19:38:41, Владелец: root
2024-12-11 23:22:14,161 - INFO - Директория: /etc/dnf/protected.d, Размер: 4096 байт, Создано: 2024-09-12 22:21:28.757101, Последнее изменение: 2024-09-06 19:38:41, Владелец: root
2024-12-11 23:22:14,162 - INFO - Директория: /etc/dnf/vars, Размер: 4096 байт, Создано: 2024-09-12 22:21:28.756101, Последнее изменение: 2024-09-06 19:38:30, Владелец: root
2024-12-11 23:22:14,162 - INFO - Директория: /etc/dnf/aliases.d, Размер: 4096 байт, Создано: 2024-09-12 22:21:28.757101, Последнее изменение: 2024-04-08 12:55:13, Владелец: root
2024-12-11 23:22:14,162 - INFO - Директория: /etc/dnf/modules.d, Размер: 4096 байт, Создано: 2024-10-11 02:17:30.880826, Последнее изменение: 2024-10-11 02:17:30.880826, Владелец: root
2024-12-11 23:22:14,163 - INFO - Файл: /etc/dnf/modules.d/perl-IO-Socket-SSL.module, Размер: 82 байт, Создано: 2024-09-13 00:05:53.844394, Последнее изменение: 2024-09-13 00:05:53.844394, Владелец: root
2024-12-11 23:22:14,163 - INFO - Файл: /etc/dnf/modules.d/perl-libwww-perl.module, Размер: 77 байт, Создано: 2024-09-13 00:05:53.845394, Последнее изменение: 2024-09-13 00:05:53.845394, Владелец: root
2024-12-11 23:22:14,163 - INFO - Файл: /etc/dnf/modules.d/perl.module, Размер: 53 байт, Создано: 2024-09-13 00:05:53.844394, Последнее изменение: 2024-09-13 00:05:53.844394, Владелец: root
2024-12-11 23:22:14,163 - INFO - Файл: /etc/dnf/modules.d/python36.module, Размер: 60 байт, Создано: 2024-10-11 02:16:52.290154, Последнее изменение: 2024-10-11 02:16:52.290154, Владелец: root
2024-12-11 23:22:14,164 - INFO - Файл: /etc/dnf/modules.d/python39.module, Размер: 60 байт, Создано: 2024-10-11 02:17:30.880826, Последнее изменение: 2024-10-11 02:17:30.880826, Владелец: root
2024-12-11 23:22:14,164 - INFO - Директория: /etc/dnf/modules.defaults.d, Размер: 4096 байт, Создано: 2024-09-12 22:21:28.757101, Последнее изменение: 2024-04-08 12:55:13, Владелец: root
2024-12-11 23:22:14,164 - INFO - Директория: /etc/dnf/plugins, Размер: 4096 байт, Создано: 2024-09-12 22:21:28.757101, Последнее изменение: 2024-09-06 19:38:41, Владелец: root
2024-12-11 23:22:14,164 - INFO - Файл: /etc/dnf/plugins/copr.conf, Размер: 351 байт, Создано: 2024-09-12 22:21:20.269539, Последнее изменение: 2021-04-12 18:30:34, Владелец: root
2024-12-11 23:22:14,165 - INFO - Файл: /etc/dnf/plugins/debuginfo-install.conf, Размер: 30 байт, Создано: 2024-09-12 22:21:20.269539, Последнее изменение: 2021-04-12 18:30:34, Владелец: root
2024-12-11 23:22:14,165 - INFO - Директория: /etc/dnf/plugins/copr.d, Размер: 4096 байт, Создано: 2024-09-12 22:21:28.757101, Последнее изменение: 2024-04-08 13:02:47, Владелец: root
2024-12-11 23:22:14,165 - INFO - Директория: /etc/dnf/plugins/copr.d, Размер: 4096 байт, Создано: 2024-09-12 22:21:28.757101, Последнее изменение: 2024-04-08 13:02:47, Владелец: root
2024-12-11 23:22:14,165 - INFO - Директория: /etc/dnf/protected.d, Размер: 4096 байт, Создано: 2024-09-12 22:21:28.757101, Последнее изменение: 2024-09-06 19:38:41, Владелец: root
2024-12-11 23:22:14,165 - INFO - Файл: /etc/dnf/protected.d/dnf.conf, Размер: 4 байт, Создано: 2024-09-12 22:21:20.270540, Последнее изменение: 2021-04-12 18:26:33, Владелец: root
2024-12-11 23:22:14,166 - INFO - Файл: /etc/dnf/protected.d/setup.conf, Размер: 6 байт, Создано: 2024-09-12 22:21:20.270540, Последнее изменение: 2023-04-01 23:15:38, Владелец: root
2024-12-11 23:22:14,166 - INFO - Файл: /etc/dnf/protected.d/sudo.conf, Размер: 5 байт, Создано: 2024-09-12 22:21:20.270540, Последнее изменение: 2024-02-14 05:13:49, Владелец: root
2024-12-11 23:22:14,166 - INFO - Файл: /etc/dnf/protected.d/systemd.conf, Размер: 21 байт, Создано: 2024-09-12 22:21:20.271540, Последнее изменение: 2024-07-02 23:16:38, Владелец: root
2024-12-11 23:22:14,166 - INFO - Директория: /etc/dnf/vars, Размер: 4096 байт, Создано: 2024-09-12 22:21:28.756101, Последнее изменение: 2024-09-06 19:38:30, Владелец: root
2024-12-11 23:22:14,167 - INFO - Файл: /etc/dnf/vars/contentdir, Размер: 10 байт, Создано: 2024-09-12 22:21:20.271540, Последнее изменение: 2024-05-22 17:49:44, Владелец: root
2024-12-11 23:22:14,167 - INFO - Файл: /etc/dnf/vars/infra, Размер: 6 байт, Создано: 2024-09-12 22:21:20.272044, Последнее изменение: 2024-05-22 17:49:44, Владелец: root
2024-12-11 23:22:14,167 - INFO - Файл: /etc/dnf/vars/stream, Размер: 9 байт, Создано: 2024-09-12 22:21:20.272044, Последнее изменение: 2024-05-22 17:49:44, Владелец: root
2024-12-11 23:22:14,167 - INFO - Директория: /etc/dracut.conf.d, Размер: 4096 байт, Создано: 2024-09-12 22:21:28.756101, Последнее изменение: 2024-04-06 16:22:13, Владелец: root
2024-12-11 23:22:14,168 - INFO - Директория: /etc/gcrypt, Размер: 4096 байт, Создано: 2024-09-12 22:21:28.756101, Последнее изменение: 2024-09-06 19:38:31, Владелец: root
2024-12-11 23:22:14,168 - INFO - Файл: /etc/gcrypt/random.conf, Размер: 157 байт, Создано: 2024-09-12 22:21:20.274165, Последнее изменение: 2022-06-28 14:54:07, Владелец: root
2024-12-11 23:22:14,168 - INFO - Директория: /etc/gnupg, Размер: 4096 байт, Создано: 2024-09-12 22:21:28.756101, Последнее изменение: 2022-09-13 13:15:04, Владелец: root
2024-12-11 23:22:14,168 - INFO - Директория: /etc/groff, Размер: 4096 байт, Создано: 2024-09-12 22:21:28.756101, Последнее изменение: 2024-09-06 19:38:31, Владелец: root
2024-12-11 23:22:14,168 - INFO - Директория: /etc/groff/site-font, Размер: 4096 байт, Создано: 2024-09-12 22:21:28.756101, Последнее изменение: 2019-10-13 17:29:39, Владелец: root
2024-12-11 23:22:14,168 - INFO - Директория: /etc/groff/site-tmac, Размер: 4096 байт, Создано: 2024-09-12 22:21:28.756101, Последнее изменение: 2024-09-06 19:38:32, Владелец: root
2024-12-11 23:22:14,169 - INFO - Директория: /etc/groff/site-font, Размер: 4096 байт, Создано: 2024-09-12 22:21:28.756101, Последнее изменение: 2019-10-13 17:29:39, Владелец: root
2024-12-11 23:22:14,169 - INFO - Директория: /etc/groff/site-tmac, Размер: 4096 байт, Создано: 2024-09-12 22:21:28.756101, Последнее изменение: 2024-09-06 19:38:32, Владелец: root
2024-12-11 23:22:14,169 - INFO - Файл: /etc/groff/site-tmac/man.local, Размер: 118 байт, Создано: 2024-09-12 22:21:20.275172, Последнее изменение: 2019-10-13 17:29:39, Владелец: root
2024-12-11 23:22:14,169 - INFO - Файл: /etc/groff/site-tmac/mdoc.local, Размер: 112 байт, Создано: 2024-09-12 22:21:20.276173, Последнее изменение: 2019-10-13 17:29:39, Владелец: root
2024-12-11 23:22:14,170 - INFO - Директория: /etc/gss, Размер: 4096 байт, Создано: 2024-09-12 22:21:28.756101, Последнее изменение: 2024-09-06 19:38:35, Владелец: root
2024-12-11 23:22:14,170 - INFO - Директория: /etc/gss/mech.d, Размер: 4096 байт, Создано: 2024-09-12 22:21:28.756101, Последнее изменение: 2024-08-13 22:55:49, Владелец: root
2024-12-11 23:22:14,170 - INFO - Директория: /etc/gss/mech.d, Размер: 4096 байт, Создано: 2024-09-12 22:21:28.756101, Последнее изменение: 2024-08-13 22:55:49, Владелец: root
2024-12-11 23:22:14,170 - INFO - Директория: /etc/iproute2, Размер: 4096 байт, Создано: 2024-09-12 22:21:28.755101, Последнее изменение: 2024-09-06 19:38:41, Владелец: root
2024-12-11 23:22:14,171 - INFO - Файл: /etc/iproute2/bpf_pinning, Размер: 85 байт, Создано: 2024-09-12 22:21:20.284136, Последнее изменение: 2024-05-23 11:36:02, Владелец: root
2024-12-11 23:22:14,171 - INFO - Файл: /etc/iproute2/ematch_map, Размер: 81 байт, Создано: 2024-09-12 22:21:20.285136, Последнее изменение: 2024-05-23 11:36:02, Владелец: root
2024-12-11 23:22:14,171 - INFO - Файл: /etc/iproute2/group, Размер: 31 байт, Создано: 2024-09-12 22:21:20.285136, Последнее изменение: 2024-05-23 11:36:02, Владелец: root
2024-12-11 23:22:14,172 - INFO - Файл: /etc/iproute2/nl_protos, Размер: 262 байт, Создано: 2024-09-12 22:21:20.285136, Последнее изменение: 2024-05-23 11:36:02, Владелец: root
2024-12-11 23:22:14,172 - INFO - Файл: /etc/iproute2/rt_dsfield, Размер: 735 байт, Создано: 2024-09-12 22:21:20.286136, Последнее изменение: 2024-05-23 11:36:02, Владелец: root
2024-12-11 23:22:14,172 - INFO - Файл: /etc/iproute2/rt_protos, Размер: 219 байт, Создано: 2024-09-12 22:21:20.286136, Последнее изменение: 2024-05-23 11:36:02, Владелец: root
2024-12-11 23:22:14,172 - INFO - Файл: /etc/iproute2/rt_realms, Размер: 112 байт, Создано: 2024-09-12 22:21:20.286136, Последнее изменение: 2024-05-23 11:36:02, Владелец: root
2024-12-11 23:22:14,172 - INFO - Файл: /etc/iproute2/rt_scopes, Размер: 92 байт, Создано: 2024-09-12 22:21:20.286136, Последнее изменение: 2024-05-23 11:36:02, Владелец: root
2024-12-11 23:22:14,173 - INFO - Файл: /etc/iproute2/rt_tables, Размер: 87 байт, Создано: 2024-09-12 22:21:20.287137, Последнее изменение: 2024-05-23 11:36:02, Владелец: root
2024-12-11 23:22:14,173 - INFO - Директория: /etc/kernel, Размер: 4096 байт, Создано: 2024-09-12 22:21:28.755101, Последнее изменение: 2024-07-02 23:16:37, Владелец: root
2024-12-11 23:22:14,173 - INFO - Директория: /etc/kernel/install.d, Размер: 4096 байт, Создано: 2024-09-12 22:21:28.755101, Последнее изменение: 2024-07-02 23:16:37, Владелец: root
2024-12-11 23:22:14,173 - INFO - Директория: /etc/kernel/install.d, Размер: 4096 байт, Создано: 2024-09-12 22:21:28.755101, Последнее изменение: 2024-07-02 23:16:37, Владелец: root
2024-12-11 23:22:14,173 - INFO - Файл: /etc/kernel/install.d/20-grubby.install, Размер: 0 байт, Создано: 2024-09-12 22:21:20.287641, Последнее изменение: 2024-04-10 19:14:53, Владелец: root
2024-12-11 23:22:14,174 - INFO - Файл: /etc/kernel/install.d/90-loaderentry.install, Размер: 0 байт, Создано: 2024-09-12 22:21:20.288642, Последнее изменение: 2024-04-10 19:14:53, Владелец: root
2024-12-11 23:22:14,174 - INFO - Директория: /etc/krb5.conf.d, Размер: 4096 байт, Создано: 2024-09-12 22:21:28.755101, Последнее изменение: 2024-09-06 19:38:35, Владелец: root
2024-12-11 23:22:14,174 - INFO - Файл: /etc/krb5.conf.d/crypto-policies, Размер: 179 байт, Создано: 2024-09-12 22:21:25.224904, Последнее изменение: 2023-10-15 06:58:25, Владелец: root
2024-12-11 23:22:14,174 - INFO - Директория: /etc/ld.so.conf.d, Размер: 4096 байт, Создано: 2024-09-12 22:21:28.755101, Последнее изменение: 2024-08-26 16:53:20, Владелец: root
2024-12-11 23:22:14,175 - INFO - Директория: /etc/libibverbs.d, Размер: 4096 байт, Создано: 2024-09-13 00:05:58.700879, Последнее изменение: 2024-09-13 00:05:58.700879, Владелец: root
2024-12-11 23:22:14,175 - INFO - Файл: /etc/libibverbs.d/bnxt_re.driver, Размер: 15 байт, Создано: 2024-09-13 00:05:58.697878, Последнее изменение: 2024-04-06 15:39:28, Владелец: root
2024-12-11 23:22:14,176 - INFO - Файл: /etc/libibverbs.d/cxgb4.driver, Размер: 13 байт, Создано: 2024-09-13 00:05:58.698878, Последнее изменение: 2024-04-06 15:39:28, Владелец: root
2024-12-11 23:22:14,176 - INFO - Файл: /etc/libibverbs.d/efa.driver, Размер: 11 байт, Создано: 2024-09-13 00:05:58.698878, Последнее изменение: 2024-04-06 15:39:28, Владелец: root
2024-12-11 23:22:14,176 - INFO - Файл: /etc/libibverbs.d/hfi1verbs.driver, Размер: 17 байт, Создано: 2024-09-13 00:05:58.698878, Последнее изменение: 2024-04-06 15:39:28, Владелец: root
2024-12-11 23:22:14,176 - INFO - Файл: /etc/libibverbs.d/hns.driver, Размер: 11 байт, Создано: 2024-09-13 00:05:58.698878, Последнее изменение: 2024-04-06 15:39:28, Владелец: root
2024-12-11 23:22:14,177 - INFO - Файл: /etc/libibverbs.d/irdma.driver, Размер: 13 байт, Создано: 2024-09-13 00:05:58.698878, Последнее изменение: 2024-04-06 15:39:28, Владелец: root
2024-12-11 23:22:14,177 - INFO - Файл: /etc/libibverbs.d/mana.driver, Размер: 12 байт, Создано: 2024-09-13 00:05:58.699878, Последнее изменение: 2024-04-06 15:39:28, Владелец: root
2024-12-11 23:22:14,177 - INFO - Файл: /etc/libibverbs.d/mlx4.driver, Размер: 12 байт, Создано: 2024-09-13 00:05:58.699878, Последнее изменение: 2024-04-06 15:39:28, Владелец: root
2024-12-11 23:22:14,177 - INFO - Файл: /etc/libibverbs.d/mlx5.driver, Размер: 12 байт, Создано: 2024-09-13 00:05:58.699878, Последнее изменение: 2024-04-06 15:39:28, Владелец: root
2024-12-11 23:22:14,178 - INFO - Файл: /etc/libibverbs.d/qedr.driver, Размер: 12 байт, Создано: 2024-09-13 00:05:58.699878, Последнее изменение: 2024-04-06 15:39:28, Владелец: root
2024-12-11 23:22:14,178 - INFO - Файл: /etc/libibverbs.d/rxe.driver, Размер: 11 байт, Создано: 2024-09-13 00:05:58.699878, Последнее изменение: 2024-04-06 15:39:28, Владелец: root
2024-12-11 23:22:14,178 - INFO - Файл: /etc/libibverbs.d/siw.driver, Размер: 11 байт, Создано: 2024-09-13 00:05:58.700879, Последнее изменение: 2024-04-06 15:39:28, Владелец: root
2024-12-11 23:22:14,178 - INFO - Файл: /etc/libibverbs.d/vmw_pvrdma.driver, Размер: 18 байт, Создано: 2024-09-13 00:05:58.700879, Последнее изменение: 2024-04-06 15:39:28, Владелец: root
2024-12-11 23:22:14,178 - INFO - Директория: /etc/libnl, Размер: 4096 байт, Создано: 2024-09-13 00:05:58.293075, Последнее изменение: 2024-09-13 00:05:58.293075, Владелец: root
2024-12-11 23:22:14,179 - INFO - Файл: /etc/libnl/classid, Размер: 1130 байт, Создано: 2024-09-13 00:05:58.293075, Последнее изменение: 2022-10-08 14:39:39, Владелец: root
2024-12-11 23:22:14,179 - INFO - Файл: /etc/libnl/pktloc, Размер: 1532 байт, Создано: 2024-09-13 00:05:58.293075, Последнее изменение: 2022-10-08 14:39:39, Владелец: root
2024-12-11 23:22:14,179 - INFO - Директория: /etc/libreport, Размер: 4096 байт, Создано: 2024-09-12 22:21:28.755101, Последнее изменение: 2024-09-06 19:38:29, Владелец: root
2024-12-11 23:22:14,180 - INFO - Директория: /etc/libreport/events, Размер: 4096 байт, Создано: 2024-09-12 22:21:28.755101, Последнее изменение: 2021-02-11 11:13:02, Владелец: root
2024-12-11 23:22:14,180 - INFO - Директория: /etc/libreport/events.d, Размер: 4096 байт, Создано: 2024-09-12 22:21:28.755101, Последнее изменение: 2024-09-06 19:38:29, Владелец: root
2024-12-11 23:22:14,180 - INFO - Директория: /etc/libreport/plugins, Размер: 4096 байт, Создано: 2024-09-12 22:21:28.755101, Последнее изменение: 2021-02-11 11:13:00, Владелец: root
2024-12-11 23:22:14,180 - INFO - Директория: /etc/libreport/workflows.d, Размер: 4096 байт, Создано: 2024-09-12 22:21:28.755101, Последнее изменение: 2021-02-11 11:13:02, Владелец: root
2024-12-11 23:22:14,181 - INFO - Директория: /etc/libreport/events, Размер: 4096 байт, Создано: 2024-09-12 22:21:28.755101, Последнее изменение: 2021-02-11 11:13:02, Владелец: root
2024-12-11 23:22:14,181 - INFO - Директория: /etc/libreport/events.d, Размер: 4096 байт, Создано: 2024-09-12 22:21:28.755101, Последнее изменение: 2024-09-06 19:38:29, Владелец: root
2024-12-11 23:22:14,181 - INFO - Файл: /etc/libreport/events.d/collect_dnf.conf, Размер: 813 байт, Создано: 2024-09-12 22:21:20.291643, Последнее изменение: 2021-04-12 18:26:33, Владелец: root
2024-12-11 23:22:14,181 - INFO - Директория: /etc/libreport/plugins, Размер: 4096 байт, Создано: 2024-09-12 22:21:28.755101, Последнее изменение: 2021-02-11 11:13:00, Владелец: root
2024-12-11 23:22:14,181 - INFO - Директория: /etc/libreport/workflows.d, Размер: 4096 байт, Создано: 2024-09-12 22:21:28.755101, Последнее изменение: 2021-02-11 11:13:02, Владелец: root
2024-12-11 23:22:14,182 - INFO - Директория: /etc/libssh, Размер: 4096 байт, Создано: 2024-09-12 22:21:28.754101, Последнее изменение: 2024-09-06 19:38:29, Владелец: root
2024-12-11 23:22:14,182 - INFO - Файл: /etc/libssh/libssh_client.config, Размер: 178 байт, Создано: 2024-09-12 22:21:20.291643, Последнее изменение: 2024-03-30 17:36:56, Владелец: root
2024-12-11 23:22:14,182 - INFO - Файл: /etc/libssh/libssh_server.config, Размер: 99 байт, Создано: 2024-09-12 22:21:20.292738, Последнее изменение: 2024-03-30 17:36:56, Владелец: root
2024-12-11 23:22:14,182 - INFO - Директория: /etc/logrotate.d, Размер: 4096 байт, Создано: 2024-09-12 22:21:28.754101, Последнее изменение: 2024-09-06 19:38:29, Владелец: root
2024-12-11 23:22:14,182 - INFO - Файл: /etc/logrotate.d/dnf, Размер: 88 байт, Создано: 2024-09-12 22:21:20.293738, Последнее изменение: 2021-04-12 18:26:33, Владелец: root
2024-12-11 23:22:14,183 - INFO - Директория: /etc/modprobe.d, Размер: 4096 байт, Создано: 2024-09-12 22:21:28.754101, Последнее изменение: 2024-04-08 12:18:53, Владелец: root
2024-12-11 23:22:14,183 - INFO - Директория: /etc/modules-load.d, Размер: 4096 байт, Создано: 2024-09-12 22:21:28.754101, Последнее изменение: 2024-07-02 23:16:37, Владелец: root
2024-12-11 23:22:14,183 - INFO - Директория: /etc/motd.d, Размер: 4096 байт, Создано: 2024-09-12 22:21:28.754101, Последнее изменение: 2024-07-02 23:16:34, Владелец: root
2024-12-11 23:22:14,183 - INFO - Директория: /etc/openldap, Размер: 4096 байт, Создано: 2024-09-12 22:21:28.754101, Последнее изменение: 2024-09-06 19:38:34, Владелец: root
2024-12-11 23:22:14,183 - INFO - Файл: /etc/openldap/ldap.conf, Размер: 900 байт, Создано: 2024-09-12 22:21:20.298739, Последнее изменение: 2024-07-02 23:02:25, Владелец: root
2024-12-11 23:22:14,184 - INFO - Директория: /etc/openldap/certs, Размер: 4096 байт, Создано: 2024-09-12 22:21:28.754101, Последнее изменение: 2024-07-02 23:02:25, Владелец: root
2024-12-11 23:22:14,184 - INFO - Директория: /etc/openldap/certs, Размер: 4096 байт, Создано: 2024-09-12 22:21:28.754101, Последнее изменение: 2024-07-02 23:02:25, Владелец: root
2024-12-11 23:22:14,184 - INFO - Директория: /etc/opt, Размер: 4096 байт, Создано: 2024-09-12 22:21:28.754101, Последнее изменение: 2021-10-09 11:49:37, Владелец: root
2024-12-11 23:22:14,184 - INFO - Директория: /etc/pam.d, Размер: 4096 байт, Создано: 2024-09-12 22:21:28.754101, Последнее изменение: 2024-09-06 19:38:41, Владелец: root
2024-12-11 23:22:14,184 - INFO - Файл: /etc/pam.d/config-util, Размер: 232 байт, Создано: 2024-09-12 22:21:20.299739, Последнее изменение: 2024-07-02 23:16:34, Владелец: root
2024-12-11 23:22:14,185 - INFO - Файл: /etc/pam.d/fingerprint-auth, Размер: 701 байт, Создано: 2024-09-12 22:21:20.299739, Последнее изменение: 2024-07-02 23:16:34, Владелец: root
2024-12-11 23:22:14,185 - INFO - Файл: /etc/pam.d/login, Размер: 715 байт, Создано: 2024-09-12 22:21:20.299739, Последнее изменение: 2024-04-06 16:02:51, Владелец: root
2024-12-11 23:22:14,185 - INFO - Файл: /etc/pam.d/other, Размер: 154 байт, Создано: 2024-09-12 22:21:20.301243, Последнее изменение: 2024-07-02 23:16:34, Владелец: root
2024-12-11 23:22:14,185 - INFO - Файл: /etc/pam.d/passwd, Размер: 168 байт, Создано: 2024-09-12 22:21:20.302256, Последнее изменение: 2022-04-19 01:59:32, Владелец: root
2024-12-11 23:22:14,185 - INFO - Файл: /etc/pam.d/password-auth, Размер: 760 байт, Создано: 2024-09-12 22:21:20.302256, Последнее изменение: 2024-07-02 23:16:34, Владелец: root
2024-12-11 23:22:14,185 - INFO - Файл: /etc/pam.d/postlogin, Размер: 398 байт, Создано: 2024-09-12 22:21:20.302256, Последнее изменение: 2024-07-02 23:16:34, Владелец: root
2024-12-11 23:22:14,186 - INFO - Файл: /etc/pam.d/remote, Размер: 640 байт, Создано: 2024-09-12 22:21:20.303689, Последнее изменение: 2024-04-06 16:02:51, Владелец: root
2024-12-11 23:22:14,186 - INFO - Файл: /etc/pam.d/runuser, Размер: 143 байт, Создано: 2024-09-12 22:21:20.303689, Последнее изменение: 2024-04-06 16:02:51, Владелец: root
2024-12-11 23:22:14,186 - INFO - Файл: /etc/pam.d/runuser-l, Размер: 138 байт, Создано: 2024-09-12 22:21:20.304690, Последнее изменение: 2024-04-06 16:02:51, Владелец: root
2024-12-11 23:22:14,186 - INFO - Файл: /etc/pam.d/smartcard-auth, Размер: 153 байт, Создано: 2024-09-12 22:21:20.304690, Последнее изменение: 2024-07-02 23:16:34, Владелец: root
2024-12-11 23:22:14,186 - INFO - Файл: /etc/pam.d/su, Размер: 566 байт, Создано: 2024-09-12 22:21:20.304690, Последнее изменение: 2024-04-06 16:02:51, Владелец: root
2024-12-11 23:22:14,186 - INFO - Файл: /etc/pam.d/su-l, Размер: 137 байт, Создано: 2024-09-12 22:21:20.305690, Последнее изменение: 2024-04-06 16:02:51, Владелец: root
2024-12-11 23:22:14,187 - INFO - Файл: /etc/pam.d/sudo, Размер: 154 байт, Создано: 2024-09-12 22:21:20.305690, Последнее изменение: 2024-02-14 05:13:49, Владелец: root
2024-12-11 23:22:14,187 - INFO - Файл: /etc/pam.d/sudo-i, Размер: 178 байт, Создано: 2024-09-12 22:21:20.306690, Последнее изменение: 2024-02-14 05:13:49, Владелец: root
2024-12-11 23:22:14,187 - INFO - Файл: /etc/pam.d/system-auth, Размер: 760 байт, Создано: 2024-09-12 22:21:20.306690, Последнее изменение: 2024-07-02 23:16:34, Владелец: root
2024-12-11 23:22:14,187 - INFO - Файл: /etc/pam.d/systemd-user, Размер: 368 байт, Создано: 2024-09-12 22:21:20.306690, Последнее изменение: 2024-07-02 23:16:38, Владелец: root
2024-12-11 23:22:14,187 - INFO - Файл: /etc/pam.d/vlock, Размер: 84 байт, Создано: 2024-09-12 22:21:20.307690, Последнее изменение: 2023-10-14 23:59:57, Владелец: root
2024-12-11 23:22:14,187 - INFO - Директория: /etc/pkcs11, Размер: 4096 байт, Создано: 2024-09-12 22:21:28.754101, Последнее изменение: 2024-09-06 19:38:31, Владелец: root
2024-12-11 23:22:14,188 - INFO - Директория: /etc/pkcs11/modules, Размер: 4096 байт, Создано: 2024-09-12 22:21:28.753102, Последнее изменение: 2024-04-06 17:16:16, Владелец: root
2024-12-11 23:22:14,188 - INFO - Директория: /etc/pkcs11/modules, Размер: 4096 байт, Создано: 2024-09-12 22:21:28.753102, Последнее изменение: 2024-04-06 17:16:16, Владелец: root
2024-12-11 23:22:14,188 - INFO - Директория: /etc/pki, Размер: 4096 байт, Создано: 2024-09-12 22:21:28.753102, Последнее изменение: 2024-09-06 19:38:36, Владелец: root
2024-12-11 23:22:14,188 - INFO - Директория: /etc/pki/ca-trust, Размер: 4096 байт, Создано: 2024-09-12 22:21:28.753102, Последнее изменение: 2024-09-06 19:38:36, Владелец: root
2024-12-11 23:22:14,188 - INFO - Директория: /etc/pki/java, Размер: 4096 байт, Создано: 2024-09-12 22:21:28.752099, Последнее изменение: 2024-09-06 19:38:36, Владелец: root
2024-12-11 23:22:14,189 - INFO - Директория: /etc/pki/rpm-gpg, Размер: 4096 байт, Создано: 2024-09-12 22:21:28.752099, Последнее изменение: 2024-09-06 19:38:30, Владелец: root
2024-12-11 23:22:14,189 - INFO - Директория: /etc/pki/tls, Размер: 4096 байт, Создано: 2024-09-12 22:21:28.752099, Последнее изменение: 2024-09-06 19:38:36, Владелец: root
2024-12-11 23:22:14,189 - INFO - Директория: /etc/pki/ca-trust, Размер: 4096 байт, Создано: 2024-09-12 22:21:28.753102, Последнее изменение: 2024-09-06 19:38:36, Владелец: root
2024-12-11 23:22:14,189 - INFO - Файл: /etc/pki/ca-trust/ca-legacy.conf, Размер: 980 байт, Создано: 2024-09-12 22:21:20.309691, Последнее изменение: 2024-08-21 22:16:41, Владелец: root
2024-12-11 23:22:14,189 - INFO - Файл: /etc/pki/ca-trust/README, Размер: 166 байт, Создано: 2024-09-12 22:21:20.309691, Последнее изменение: 2024-08-21 22:16:41, Владелец: root
2024-12-11 23:22:14,189 - INFO - Директория: /etc/pki/ca-trust/extracted, Размер: 4096 байт, Создано: 2024-09-12 22:21:28.753102, Последнее изменение: 2024-09-06 19:38:36, Владелец: root
2024-12-11 23:22:14,190 - INFO - Директория: /etc/pki/ca-trust/source, Размер: 4096 байт, Создано: 2024-09-12 22:21:28.753102, Последнее изменение: 2024-09-06 19:38:41, Владелец: root
2024-12-11 23:22:14,190 - INFO - Директория: /etc/pki/ca-trust/extracted, Размер: 4096 байт, Создано: 2024-09-12 22:21:28.753102, Последнее изменение: 2024-09-06 19:38:36, Владелец: root
2024-12-11 23:22:14,190 - INFO - Файл: /etc/pki/ca-trust/extracted/README, Размер: 560 байт, Создано: 2024-09-12 22:21:20.309691, Последнее изменение: 2024-08-21 22:16:41, Владелец: root
2024-12-11 23:22:14,190 - INFO - Директория: /etc/pki/ca-trust/extracted/edk2, Размер: 4096 байт, Создано: 2024-09-12 22:21:28.753102, Последнее изменение: 2024-09-06 19:38:42, Владелец: root
2024-12-11 23:22:14,190 - INFO - Директория: /etc/pki/ca-trust/extracted/java, Размер: 4096 байт, Создано: 2024-09-12 22:21:28.753102, Последнее изменение: 2024-09-06 19:38:42, Владелец: root
2024-12-11 23:22:14,191 - INFO - Директория: /etc/pki/ca-trust/extracted/openssl, Размер: 4096 байт, Создано: 2024-09-12 22:21:28.753102, Последнее изменение: 2024-09-06 19:38:42, Владелец: root
2024-12-11 23:22:14,191 - INFO - Директория: /etc/pki/ca-trust/extracted/pem, Размер: 4096 байт, Создано: 2024-09-12 22:21:28.753102, Последнее изменение: 2024-09-06 19:38:42, Владелец: root
2024-12-11 23:22:14,191 - INFO - Директория: /etc/pki/ca-trust/extracted/edk2, Размер: 4096 байт, Создано: 2024-09-12 22:21:28.753102, Последнее изменение: 2024-09-06 19:38:42, Владелец: root
2024-12-11 23:22:14,191 - INFO - Файл: /etc/pki/ca-trust/extracted/edk2/cacerts.bin, Размер: 164317 байт, Создано: 2024-09-12 22:21:20.312211, Последнее изменение: 2024-09-06 19:38:42, Владелец: root
2024-12-11 23:22:14,192 - INFO - Файл: /etc/pki/ca-trust/extracted/edk2/README, Размер: 566 байт, Создано: 2024-09-12 22:21:20.311194, Последнее изменение: 2024-08-21 22:16:41, Владелец: root
2024-12-11 23:22:14,192 - INFO - Директория: /etc/pki/ca-trust/extracted/java, Размер: 4096 байт, Создано: 2024-09-12 22:21:28.753102, Последнее изменение: 2024-09-06 19:38:42, Владелец: root
2024-12-11 23:22:14,192 - INFO - Файл: /etc/pki/ca-trust/extracted/java/cacerts, Размер: 164985 байт, Создано: 2024-09-12 22:21:20.313561, Последнее изменение: 2024-09-06 19:38:42, Владелец: root
2024-12-11 23:22:14,192 - INFO - Файл: /etc/pki/ca-trust/extracted/java/README, Размер: 726 байт, Создано: 2024-09-12 22:21:20.312211, Последнее изменение: 2024-08-21 22:16:41, Владелец: root
2024-12-11 23:22:14,192 - INFO - Директория: /etc/pki/ca-trust/extracted/openssl, Размер: 4096 байт, Создано: 2024-09-12 22:21:28.753102, Последнее изменение: 2024-09-06 19:38:42, Владелец: root
2024-12-11 23:22:14,192 - INFO - Файл: /etc/pki/ca-trust/extracted/openssl/ca-bundle.trust.crt, Размер: 650862 байт, Создано: 2024-09-12 22:21:20.316562, Последнее изменение: 2024-09-06 19:38:42, Владелец: root
2024-12-11 23:22:14,193 - INFO - Файл: /etc/pki/ca-trust/extracted/openssl/README, Размер: 787 байт, Создано: 2024-09-12 22:21:20.313561, Последнее изменение: 2024-08-21 22:16:41, Владелец: root
2024-12-11 23:22:14,193 - INFO - Директория: /etc/pki/ca-trust/extracted/pem, Размер: 4096 байт, Создано: 2024-09-12 22:21:28.753102, Последнее изменение: 2024-09-06 19:38:42, Владелец: root
2024-12-11 23:22:14,193 - INFO - Файл: /etc/pki/ca-trust/extracted/pem/email-ca-bundle.pem, Размер: 165521 байт, Создано: 2024-09-12 22:21:20.317562, Последнее изменение: 2024-09-06 19:38:42, Владелец: root
2024-12-11 23:22:14,193 - INFO - Файл: /etc/pki/ca-trust/extracted/pem/objsign-ca-bundle.pem, Размер: 502506 байт, Создано: 2024-09-12 22:21:20.319562, Последнее изменение: 2024-09-06 19:38:42, Владелец: root
2024-12-11 23:22:14,193 - INFO - Файл: /etc/pki/ca-trust/extracted/pem/README, Размер: 898 байт, Создано: 2024-09-12 22:21:20.316562, Последнее изменение: 2024-08-21 22:16:41, Владелец: root
2024-12-11 23:22:14,194 - INFO - Файл: /etc/pki/ca-trust/extracted/pem/tls-ca-bundle.pem, Размер: 226489 байт, Создано: 2024-09-12 22:21:20.321563, Последнее изменение: 2024-09-06 19:38:42, Владелец: root
2024-12-11 23:22:14,195 - INFO - Директория: /etc/pki/ca-trust/source, Размер: 4096 байт, Создано: 2024-09-12 22:21:28.753102, Последнее изменение: 2024-09-06 19:38:41, Владелец: root
2024-12-11 23:22:14,195 - INFO - Файл: /etc/pki/ca-trust/source/ca-bundle.legacy.crt, Размер: 0 байт, Создано: 2024-09-12 22:21:26.926496, Последнее изменение: 2024-08-21 22:16:41, Владелец: root
2024-12-11 23:22:14,195 - INFO - Файл: /etc/pki/ca-trust/source/README, Размер: 932 байт, Создано: 2024-09-12 22:21:20.322067, Последнее изменение: 2024-08-21 22:16:41, Владелец: root
2024-12-11 23:22:14,195 - INFO - Директория: /etc/pki/ca-trust/source/anchors, Размер: 4096 байт, Создано: 2024-09-12 22:21:28.753102, Последнее изменение: 2024-08-21 22:20:50, Владелец: root
2024-12-11 23:22:14,195 - INFO - Директория: /etc/pki/ca-trust/source/blacklist, Размер: 4096 байт, Создано: 2024-09-12 22:21:28.753102, Последнее изменение: 2024-08-21 22:20:50, Владелец: root
2024-12-11 23:22:14,195 - INFO - Директория: /etc/pki/ca-trust/source/anchors, Размер: 4096 байт, Создано: 2024-09-12 22:21:28.753102, Последнее изменение: 2024-08-21 22:20:50, Владелец: root
2024-12-11 23:22:14,196 - INFO - Директория: /etc/pki/ca-trust/source/blacklist, Размер: 4096 байт, Создано: 2024-09-12 22:21:28.753102, Последнее изменение: 2024-08-21 22:20:50, Владелец: root
2024-12-11 23:22:14,196 - INFO - Директория: /etc/pki/java, Размер: 4096 байт, Создано: 2024-09-12 22:21:28.752099, Последнее изменение: 2024-09-06 19:38:36, Владелец: root
2024-12-11 23:22:14,196 - INFO - Файл: /etc/pki/java/cacerts, Размер: 164985 байт, Создано: 2024-09-12 22:21:20.313561, Последнее изменение: 2024-09-06 19:38:42, Владелец: root
2024-12-11 23:22:14,196 - INFO - Директория: /etc/pki/rpm-gpg, Размер: 4096 байт, Создано: 2024-09-12 22:21:28.752099, Последнее изменение: 2024-09-06 19:38:30, Владелец: root
2024-12-11 23:22:14,197 - INFO - Файл: /etc/pki/rpm-gpg/RPM-GPG-KEY-AlmaLinux, Размер: 5150 байт, Создано: 2024-09-12 22:21:20.324069, Последнее изменение: 2024-05-22 17:49:44, Владелец: root
2024-12-11 23:22:14,197 - INFO - Директория: /etc/pki/tls, Размер: 4096 байт, Создано: 2024-09-12 22:21:28.752099, Последнее изменение: 2024-09-06 19:38:36, Владелец: root
2024-12-11 23:22:14,197 - INFO - Файл: /etc/pki/tls/cert.pem, Размер: 226489 байт, Создано: 2024-09-12 22:21:20.321563, Последнее изменение: 2024-09-06 19:38:42, Владелец: root
2024-12-11 23:22:14,197 - INFO - Файл: /etc/pki/tls/ct_log_list.cnf, Размер: 412 байт, Создано: 2024-09-12 22:21:20.326069, Последнее изменение: 2023-12-18 11:45:39, Владелец: root
2024-12-11 23:22:14,197 - INFO - Файл: /etc/pki/tls/openssl.cnf, Размер: 11227 байт, Создано: 2024-09-12 22:21:20.327070, Последнее изменение: 2023-12-18 11:45:39, Владелец: root
2024-12-11 23:22:14,197 - INFO - Директория: /etc/pki/tls/certs, Размер: 4096 байт, Создано: 2024-09-12 22:21:28.752099, Последнее изменение: 2024-09-06 19:38:36, Владелец: root
2024-12-11 23:22:14,198 - INFO - Директория: /etc/pki/tls/misc, Размер: 4096 байт, Создано: 2024-09-12 22:21:28.752099, Последнее изменение: 2023-12-18 12:00:06, Владелец: root
2024-12-11 23:22:14,198 - INFO - Директория: /etc/pki/tls/private, Размер: 4096 байт, Создано: 2024-09-12 22:21:28.752099, Последнее изменение: 2023-12-18 11:59:38, Владелец: root
2024-12-11 23:22:14,198 - INFO - Директория: /etc/pki/tls/certs, Размер: 4096 байт, Создано: 2024-09-12 22:21:28.752099, Последнее изменение: 2024-09-06 19:38:36, Владелец: root
2024-12-11 23:22:14,198 - INFO - Файл: /etc/pki/tls/certs/ca-bundle.crt, Размер: 226489 байт, Создано: 2024-09-12 22:21:20.321563, Последнее изменение: 2024-09-06 19:38:42, Владелец: root
2024-12-11 23:22:14,198 - INFO - Файл: /etc/pki/tls/certs/ca-bundle.trust.crt, Размер: 650862 байт, Создано: 2024-09-12 22:21:20.316562, Последнее изменение: 2024-09-06 19:38:42, Владелец: root
2024-12-11 23:22:14,199 - INFO - Директория: /etc/pki/tls/misc, Размер: 4096 байт, Создано: 2024-09-12 22:21:28.752099, Последнее изменение: 2023-12-18 12:00:06, Владелец: root
2024-12-11 23:22:14,199 - INFO - Директория: /etc/pki/tls/private, Размер: 4096 байт, Создано: 2024-09-12 22:21:28.752099, Последнее изменение: 2023-12-18 11:59:38, Владелец: root
2024-12-11 23:22:14,199 - INFO - Директория: /etc/pm, Размер: 4096 байт, Создано: 2024-09-12 22:21:28.752099, Последнее изменение: 2024-09-06 19:38:30, Владелец: root
2024-12-11 23:22:14,199 - INFO - Директория: /etc/pm/config.d, Размер: 4096 байт, Создано: 2024-09-12 22:21:28.752099, Последнее изменение: 2021-10-09 11:49:37, Владелец: root
2024-12-11 23:22:14,199 - INFO - Директория: /etc/pm/power.d, Размер: 4096 байт, Создано: 2024-09-12 22:21:28.752099, Последнее изменение: 2021-10-09 11:49:37, Владелец: root
2024-12-11 23:22:14,199 - INFO - Директория: /etc/pm/sleep.d, Размер: 4096 байт, Создано: 2024-09-12 22:21:28.751594, Последнее изменение: 2021-10-09 11:49:37, Владелец: root
2024-12-11 23:22:14,200 - INFO - Директория: /etc/pm/config.d, Размер: 4096 байт, Создано: 2024-09-12 22:21:28.752099, Последнее изменение: 2021-10-09 11:49:37, Владелец: root
2024-12-11 23:22:14,200 - INFO - Директория: /etc/pm/power.d, Размер: 4096 байт, Создано: 2024-09-12 22:21:28.752099, Последнее изменение: 2021-10-09 11:49:37, Владелец: root
2024-12-11 23:22:14,200 - INFO - Директория: /etc/pm/sleep.d, Размер: 4096 байт, Создано: 2024-09-12 22:21:28.751594, Последнее изменение: 2021-10-09 11:49:37, Владелец: root
2024-12-11 23:22:14,200 - INFO - Директория: /etc/popt.d, Размер: 4096 байт, Создано: 2024-09-12 22:21:28.751594, Последнее изменение: 2021-04-09 07:33:53, Владелец: root
2024-12-11 23:22:14,200 - INFO - Директория: /etc/profile.d, Размер: 4096 байт, Создано: 2024-09-12 22:21:28.751594, Последнее изменение: 2024-09-06 19:38:41, Владелец: root
2024-12-11 23:22:14,201 - INFO - Файл: /etc/profile.d/bash_completion.sh, Размер: 664 байт, Создано: 2024-09-12 22:21:20.329070, Последнее изменение: 2019-10-12 02:19:34, Владелец: root
2024-12-11 23:22:14,201 - INFO - Файл: /etc/profile.d/colorgrep.csh, Размер: 196 байт, Создано: 2024-09-12 22:21:20.329070, Последнее изменение: 2018-08-12 10:47:56, Владелец: root
2024-12-11 23:22:14,201 - INFO - Файл: /etc/profile.d/colorgrep.sh, Размер: 201 байт, Создано: 2024-09-12 22:21:20.330070, Последнее изменение: 2018-08-12 10:47:56, Владелец: root
2024-12-11 23:22:14,201 - INFO - Файл: /etc/profile.d/colorls.csh, Размер: 1741 байт, Создано: 2024-09-12 22:21:20.330070, Последнее изменение: 2023-04-01 09:22:20, Владелец: root
2024-12-11 23:22:14,201 - INFO - Файл: /etc/profile.d/colorls.sh, Размер: 1606 байт, Создано: 2024-09-12 22:21:20.330070, Последнее изменение: 2023-04-01 09:22:20, Владелец: root
2024-12-11 23:22:14,201 - INFO - Файл: /etc/profile.d/colorxzgrep.csh, Размер: 162 байт, Создано: 2024-09-12 22:21:20.330070, Последнее изменение: 2022-06-14 15:58:42, Владелец: root
2024-12-11 23:22:14,202 - INFO - Файл: /etc/profile.d/colorxzgrep.sh, Размер: 183 байт, Создано: 2024-09-12 22:21:20.331573, Последнее изменение: 2022-06-14 15:58:42, Владелец: root
2024-12-11 23:22:14,202 - INFO - Файл: /etc/profile.d/colorzgrep.csh, Размер: 216 байт, Создано: 2024-09-12 22:21:20.331573, Последнее изменение: 2022-04-20 14:03:05, Владелец: root
2024-12-11 23:22:14,202 - INFO - Файл: /etc/profile.d/colorzgrep.sh, Размер: 220 байт, Создано: 2024-09-12 22:21:20.331573, Последнее изменение: 2022-04-20 14:03:05, Владелец: root
2024-12-11 23:22:14,202 - INFO - Файл: /etc/profile.d/csh.local, Размер: 80 байт, Создано: 2024-09-12 22:21:20.332586, Последнее изменение: 2023-04-01 23:15:38, Владелец: root
2024-12-11 23:22:14,202 - INFO - Файл: /etc/profile.d/debuginfod.csh, Размер: 674 байт, Создано: 2024-09-12 22:21:20.332586, Последнее изменение: 2024-04-06 16:39:26, Владелец: root
2024-12-11 23:22:14,202 - INFO - Файл: /etc/profile.d/debuginfod.sh, Размер: 596 байт, Создано: 2024-09-12 22:21:20.332586, Последнее изменение: 2024-04-06 16:39:26, Владелец: root
2024-12-11 23:22:14,203 - INFO - Файл: /etc/profile.d/gawk.csh, Размер: 1107 байт, Создано: 2024-09-12 22:21:20.333586, Последнее изменение: 2017-12-14 20:53:45, Владелец: root
2024-12-11 23:22:14,203 - INFO - Файл: /etc/profile.d/gawk.sh, Размер: 757 байт, Создано: 2024-09-12 22:21:20.333586, Последнее изменение: 2017-12-14 20:53:45, Владелец: root
2024-12-11 23:22:14,203 - INFO - Файл: /etc/profile.d/lang.csh, Размер: 2489 байт, Создано: 2024-09-12 22:21:20.333586, Последнее изменение: 2023-04-01 23:15:37, Владелец: root
2024-12-11 23:22:14,203 - INFO - Файл: /etc/profile.d/lang.sh, Размер: 2312 байт, Создано: 2024-09-12 22:21:20.334586, Последнее изменение: 2023-04-01 23:15:37, Владелец: root
2024-12-11 23:22:14,203 - INFO - Файл: /etc/profile.d/less.csh, Размер: 500 байт, Создано: 2024-09-12 22:21:20.334586, Последнее изменение: 2024-07-02 22:57:10, Владелец: root
2024-12-11 23:22:14,203 - INFO - Файл: /etc/profile.d/less.sh, Размер: 253 байт, Создано: 2024-09-12 22:21:20.335586, Последнее изменение: 2024-07-02 22:57:10, Владелец: root
2024-12-11 23:22:14,203 - INFO - Файл: /etc/profile.d/sh.local, Размер: 81 байт, Создано: 2024-09-12 22:21:20.335586, Последнее изменение: 2023-04-01 23:15:38, Владелец: root
2024-12-11 23:22:14,204 - INFO - Файл: /etc/profile.d/vim.csh, Размер: 106 байт, Создано: 2024-09-12 22:21:20.335586, Последнее изменение: 2022-08-02 19:57:00, Владелец: root
2024-12-11 23:22:14,204 - INFO - Файл: /etc/profile.d/vim.sh, Размер: 248 байт, Создано: 2024-09-12 22:21:20.336586, Последнее изменение: 2022-08-02 19:57:00, Владелец: root
2024-12-11 23:22:14,204 - INFO - Файл: /etc/profile.d/which2.csh, Размер: 120 байт, Создано: 2024-09-12 22:21:20.336586, Последнее изменение: 2023-10-15 05:13:47, Владелец: root
2024-12-11 23:22:14,204 - INFO - Файл: /etc/profile.d/which2.sh, Размер: 540 байт, Создано: 2024-09-12 22:21:20.336586, Последнее изменение: 2023-10-15 05:13:47, Владелец: root
2024-12-11 23:22:14,204 - INFO - Директория: /etc/rc.d, Размер: 4096 байт, Создано: 2024-09-12 22:21:28.751594, Последнее изменение: 2024-09-06 19:38:39, Владелец: root
2024-12-11 23:22:14,204 - INFO - Файл: /etc/rc.d/rc.local, Размер: 474 байт, Создано: 2024-09-12 22:21:20.338587, Последнее изменение: 2024-07-02 23:16:38, Владелец: root
2024-12-11 23:22:14,204 - INFO - Директория: /etc/rc.d/init.d, Размер: 4096 байт, Создано: 2024-09-12 22:21:28.751594, Последнее изменение: 2024-09-06 19:38:39, Владелец: root
2024-12-11 23:22:14,205 - INFO - Директория: /etc/rc.d/rc0.d, Размер: 4096 байт, Создано: 2024-09-12 22:21:28.750593, Последнее изменение: 2023-10-15 01:48:04, Владелец: root
2024-12-11 23:22:14,205 - INFO - Директория: /etc/rc.d/rc1.d, Размер: 4096 байт, Создано: 2024-09-12 22:21:28.750593, Последнее изменение: 2023-10-15 01:48:04, Владелец: root
2024-12-11 23:22:14,205 - INFO - Директория: /etc/rc.d/rc2.d, Размер: 4096 байт, Создано: 2024-09-12 22:21:28.750593, Последнее изменение: 2023-10-15 01:48:04, Владелец: root
2024-12-11 23:22:14,205 - INFO - Директория: /etc/rc.d/rc3.d, Размер: 4096 байт, Создано: 2024-09-12 22:21:28.750593, Последнее изменение: 2023-10-15 01:48:04, Владелец: root
2024-12-11 23:22:14,205 - INFO - Директория: /etc/rc.d/rc4.d, Размер: 4096 байт, Создано: 2024-09-12 22:21:28.750593, Последнее изменение: 2023-10-15 01:48:04, Владелец: root
2024-12-11 23:22:14,205 - INFO - Директория: /etc/rc.d/rc5.d, Размер: 4096 байт, Создано: 2024-09-12 22:21:28.750593, Последнее изменение: 2023-10-15 01:48:04, Владелец: root
2024-12-11 23:22:14,205 - INFO - Директория: /etc/rc.d/rc6.d, Размер: 4096 байт, Создано: 2024-09-12 22:21:28.750593, Последнее изменение: 2023-10-15 01:48:04, Владелец: root
2024-12-11 23:22:14,205 - INFO - Директория: /etc/rc.d/init.d, Размер: 4096 байт, Создано: 2024-09-12 22:21:28.751594, Последнее изменение: 2024-09-06 19:38:39, Владелец: root
2024-12-11 23:22:14,206 - INFO - Файл: /etc/rc.d/init.d/README, Размер: 1161 байт, Создано: 2024-09-12 22:21:20.337587, Последнее изменение: 2024-07-02 23:16:08, Владелец: root
2024-12-11 23:22:14,206 - INFO - Директория: /etc/rc.d/rc0.d, Размер: 4096 байт, Создано: 2024-09-12 22:21:28.750593, Последнее изменение: 2023-10-15 01:48:04, Владелец: root
2024-12-11 23:22:14,206 - INFO - Директория: /etc/rc.d/rc1.d, Размер: 4096 байт, Создано: 2024-09-12 22:21:28.750593, Последнее изменение: 2023-10-15 01:48:04, Владелец: root
2024-12-11 23:22:14,206 - INFO - Директория: /etc/rc.d/rc2.d, Размер: 4096 байт, Создано: 2024-09-12 22:21:28.750593, Последнее изменение: 2023-10-15 01:48:04, Владелец: root
2024-12-11 23:22:14,206 - INFO - Директория: /etc/rc.d/rc3.d, Размер: 4096 байт, Создано: 2024-09-12 22:21:28.750593, Последнее изменение: 2023-10-15 01:48:04, Владелец: root
2024-12-11 23:22:14,207 - INFO - Директория: /etc/rc.d/rc4.d, Размер: 4096 байт, Создано: 2024-09-12 22:21:28.750593, Последнее изменение: 2023-10-15 01:48:04, Владелец: root
2024-12-11 23:22:14,207 - INFO - Директория: /etc/rc.d/rc5.d, Размер: 4096 байт, Создано: 2024-09-12 22:21:28.750593, Последнее изменение: 2023-10-15 01:48:04, Владелец: root
2024-12-11 23:22:14,207 - INFO - Директория: /etc/rc.d/rc6.d, Размер: 4096 байт, Создано: 2024-09-12 22:21:28.750593, Последнее изменение: 2023-10-15 01:48:04, Владелец: root
2024-12-11 23:22:14,207 - INFO - Директория: /etc/rpm, Размер: 4096 байт, Создано: 2024-09-12 22:21:28.750593, Последнее изменение: 2024-04-06 16:14:33, Владелец: root
2024-12-11 23:22:14,208 - INFO - Файл: /etc/rpm/macros.dist, Размер: 96 байт, Создано: 2024-09-12 22:21:20.343859, Последнее изменение: 2024-05-22 17:49:44, Владелец: root
2024-12-11 23:22:14,208 - INFO - Директория: /etc/sasl2, Размер: 4096 байт, Создано: 2024-09-12 22:21:28.750593, Последнее изменение: 2022-02-23 23:13:55, Владелец: root
2024-12-11 23:22:14,208 - INFO - Директория: /etc/security, Размер: 4096 байт, Создано: 2024-09-12 22:21:28.749593, Последнее изменение: 2024-09-06 19:38:38, Владелец: root
2024-12-11 23:22:14,208 - INFO - Файл: /etc/security/access.conf, Размер: 4564 байт, Создано: 2024-09-12 22:21:20.343859, Последнее изменение: 2024-07-02 23:16:24, Владелец: root
2024-12-11 23:22:14,208 - INFO - Файл: /etc/security/chroot.conf, Размер: 82 байт, Создано: 2024-09-12 22:21:20.344859, Последнее изменение: 2024-07-02 23:16:24, Владелец: root
2024-12-11 23:22:14,209 - INFO - Файл: /etc/security/console.handlers, Размер: 624 байт, Создано: 2024-09-12 22:21:20.344859, Последнее изменение: 2024-07-02 23:16:25, Владелец: root
2024-12-11 23:22:14,209 - INFO - Файл: /etc/security/console.perms, Размер: 939 байт, Создано: 2024-09-12 22:21:20.344859, Последнее изменение: 2024-07-02 23:16:25, Владелец: root
2024-12-11 23:22:14,209 - INFO - Файл: /etc/security/faillock.conf, Размер: 2232 байт, Создано: 2024-09-12 22:21:20.345859, Последнее изменение: 2024-07-02 23:16:25, Владелец: root
2024-12-11 23:22:14,209 - INFO - Файл: /etc/security/group.conf, Размер: 3635 байт, Создано: 2024-09-12 22:21:20.345859, Последнее изменение: 2024-07-02 23:16:26, Владелец: root
2024-12-11 23:22:14,209 - INFO - Файл: /etc/security/limits.conf, Размер: 2422 байт, Создано: 2024-09-12 22:21:20.346859, Последнее изменение: 2024-07-02 23:16:27, Владелец: root
2024-12-11 23:22:14,210 - INFO - Файл: /etc/security/namespace.conf, Размер: 1440 байт, Создано: 2024-09-12 22:21:20.346859, Последнее изменение: 2024-07-02 23:16:29, Владелец: root
2024-12-11 23:22:14,210 - INFO - Файл: /etc/security/namespace.init, Размер: 1016 байт, Создано: 2024-09-12 22:21:20.347859, Последнее изменение: 2024-07-02 23:16:29, Владелец: root
2024-12-11 23:22:14,210 - INFO - Файл: /etc/security/opasswd, Размер: 0 байт, Создано: 2024-09-12 22:21:20.347859, Последнее изменение: 2024-07-02 23:16:34, Владелец: root
2024-12-11 23:22:14,210 - INFO - Файл: /etc/security/pam_env.conf, Размер: 2972 байт, Создано: 2024-09-12 22:21:20.347859, Последнее изменение: 2024-07-02 23:16:25, Владелец: root
2024-12-11 23:22:14,210 - INFO - Файл: /etc/security/pwhistory.conf, Размер: 517 байт, Создано: 2024-09-12 22:21:20.348859, Последнее изменение: 2024-07-02 23:16:29, Владелец: root
2024-12-11 23:22:14,211 - INFO - Файл: /etc/security/pwquality.conf, Размер: 2674 байт, Создано: 2024-09-12 22:21:20.348859, Последнее изменение: 2020-08-03 13:30:48, Владелец: root
2024-12-11 23:22:14,211 - INFO - Файл: /etc/security/sepermit.conf, Размер: 419 байт, Создано: 2024-09-12 22:21:20.348859, Последнее изменение: 2024-07-02 23:16:30, Владелец: root
2024-12-11 23:22:14,211 - INFO - Файл: /etc/security/time.conf, Размер: 2179 байт, Создано: 2024-09-12 22:21:20.349860, Последнее изменение: 2024-07-02 23:16:31, Владелец: root
2024-12-11 23:22:14,211 - INFO - Директория: /etc/security/console.apps, Размер: 4096 байт, Создано: 2024-09-12 22:21:28.749593, Последнее изменение: 2024-07-02 23:16:25, Владелец: root
2024-12-11 23:22:14,211 - INFO - Директория: /etc/security/console.perms.d, Размер: 4096 байт, Создано: 2024-09-12 22:21:28.749593, Последнее изменение: 2024-07-02 23:16:25, Владелец: root
2024-12-11 23:22:14,211 - INFO - Директория: /etc/security/limits.d, Размер: 4096 байт, Создано: 2024-09-12 22:21:28.749593, Последнее изменение: 2024-07-02 23:16:27, Владелец: root
2024-12-11 23:22:14,212 - INFO - Директория: /etc/security/namespace.d, Размер: 4096 байт, Создано: 2024-09-12 22:21:28.749593, Последнее изменение: 2024-07-02 23:16:29, Владелец: root
2024-12-11 23:22:14,212 - INFO - Директория: /etc/security/pwquality.conf.d, Размер: 4096 байт, Создано: 2024-09-12 22:21:28.749593, Последнее изменение: 2023-04-01 21:24:16, Владелец: root
2024-12-11 23:22:14,212 - INFO - Директория: /etc/security/console.apps, Размер: 4096 байт, Создано: 2024-09-12 22:21:28.749593, Последнее изменение: 2024-07-02 23:16:25, Владелец: root
2024-12-11 23:22:14,212 - INFO - Директория: /etc/security/console.perms.d, Размер: 4096 байт, Создано: 2024-09-12 22:21:28.749593, Последнее изменение: 2024-07-02 23:16:25, Владелец: root
2024-12-11 23:22:14,212 - INFO - Директория: /etc/security/limits.d, Размер: 4096 байт, Создано: 2024-09-12 22:21:28.749593, Последнее изменение: 2024-07-02 23:16:27, Владелец: root
2024-12-11 23:22:14,213 - INFO - Директория: /etc/security/namespace.d, Размер: 4096 байт, Создано: 2024-09-12 22:21:28.749593, Последнее изменение: 2024-07-02 23:16:29, Владелец: root
2024-12-11 23:22:14,213 - INFO - Директория: /etc/security/pwquality.conf.d, Размер: 4096 байт, Создано: 2024-09-12 22:21:28.749593, Последнее изменение: 2023-04-01 21:24:16, Владелец: root
2024-12-11 23:22:14,213 - INFO - Директория: /etc/selinux, Размер: 4096 байт, Создано: 2024-09-12 22:21:28.749593, Последнее изменение: 2024-09-06 19:38:31, Владелец: root
2024-12-11 23:22:14,213 - INFO - Файл: /etc/selinux/semanage.conf, Размер: 2647 байт, Создано: 2024-09-12 22:21:20.349860, Последнее изменение: 2022-10-25 12:59:07, Владелец: root
2024-12-11 23:22:14,214 - INFO - Директория: /etc/skel, Размер: 4096 байт, Создано: 2024-09-12 22:21:28.749593, Последнее изменение: 2024-09-06 19:38:31, Владелец: root
2024-12-11 23:22:14,214 - INFO - Файл: /etc/skel/.bashrc, Размер: 376 байт, Создано: 2024-09-12 22:21:20.355380, Последнее изменение: 2024-05-23 11:46:59, Владелец: root
2024-12-11 23:22:14,214 - INFO - Файл: /etc/skel/.bash_logout, Размер: 18 байт, Создано: 2024-09-12 22:21:20.354379, Последнее изменение: 2024-05-23 11:46:59, Владелец: root
2024-12-11 23:22:14,214 - INFO - Файл: /etc/skel/.bash_profile, Размер: 141 байт, Создано: 2024-09-12 22:21:20.354379, Последнее изменение: 2024-05-23 11:46:59, Владелец: root
2024-12-11 23:22:14,214 - INFO - Директория: /etc/ssh, Размер: 4096 байт, Создано: 2024-09-12 22:21:28.749593, Последнее изменение: 2024-09-06 19:38:41, Владелец: root
2024-12-11 23:22:14,215 - INFO - Файл: /etc/ssh/moduli, Размер: 577388 байт, Создано: 2024-09-12 22:21:20.356380, Последнее изменение: 2024-08-13 22:38:35, Владелец: root
2024-12-11 23:22:14,215 - INFO - Файл: /etc/ssh/ssh_config, Размер: 1770 байт, Создано: 2024-09-12 22:21:20.356380, Последнее изменение: 2024-08-13 22:38:35, Владелец: root
2024-12-11 23:22:14,215 - INFO - Директория: /etc/ssh/ssh_config.d, Размер: 4096 байт, Создано: 2024-09-12 22:21:28.749593, Последнее изменение: 2024-09-06 19:38:41, Владелец: root
2024-12-11 23:22:14,215 - INFO - Директория: /etc/ssh/ssh_config.d, Размер: 4096 байт, Создано: 2024-09-12 22:21:28.749593, Последнее изменение: 2024-09-06 19:38:41, Владелец: root
2024-12-11 23:22:14,215 - INFO - Файл: /etc/ssh/ssh_config.d/05-redhat.conf, Размер: 831 байт, Создано: 2024-09-12 22:21:20.357380, Последнее изменение: 2024-08-13 22:38:35, Владелец: root
2024-12-11 23:22:14,215 - INFO - Директория: /etc/ssl, Размер: 4096 байт, Создано: 2024-09-12 22:21:28.748593, Последнее изменение: 2024-09-06 19:38:36, Владелец: root
2024-12-11 23:22:14,216 - INFO - Директория: /etc/ssl/certs, Размер: 4096 байт, Создано: 2024-09-12 22:21:28.752099, Последнее изменение: 2024-09-06 19:38:36, Владелец: root
2024-12-11 23:22:14,216 - INFO - Директория: /etc/sysconfig, Размер: 4096 байт, Создано: 2024-09-12 22:21:28.748593, Последнее изменение: 2024-09-06 19:38:41, Владелец: root
2024-12-11 23:22:14,216 - INFO - Файл: /etc/sysconfig/man-db, Размер: 310 байт, Создано: 2024-09-12 22:21:20.360381, Последнее изменение: 2021-06-24 15:12:35, Владелец: root
2024-12-11 23:22:14,216 - INFO - Директория: /etc/sysctl.d, Размер: 4096 байт, Создано: 2024-09-12 22:21:28.748593, Последнее изменение: 2024-09-06 19:38:39, Владелец: root
2024-12-11 23:22:14,216 - INFO - Файл: /etc/sysctl.d/99-sysctl.conf, Размер: 449 байт, Создано: 2024-09-12 22:21:20.360381, Последнее изменение: 2024-07-02 23:16:38, Владелец: root
2024-12-11 23:22:14,217 - INFO - Директория: /etc/systemd, Размер: 4096 байт, Создано: 2024-09-12 22:21:28.748593, Последнее изменение: 2024-09-06 19:38:39, Владелец: root
2024-12-11 23:22:14,217 - INFO - Файл: /etc/systemd/coredump.conf, Размер: 615 байт, Создано: 2024-09-12 22:21:20.361886, Последнее изменение: 2018-06-22 14:11:49, Владелец: root
2024-12-11 23:22:14,217 - INFO - Файл: /etc/systemd/journald.conf, Размер: 1027 байт, Создано: 2024-09-12 22:21:20.361886, Последнее изменение: 2018-06-22 14:11:49, Владелец: root
2024-12-11 23:22:14,217 - INFO - Файл: /etc/systemd/logind.conf, Размер: 1123 байт, Создано: 2024-09-12 22:21:20.362888, Последнее изменение: 2024-07-02 23:16:06, Владелец: root
2024-12-11 23:22:14,218 - INFO - Файл: /etc/systemd/pstore.conf, Размер: 529 байт, Создано: 2024-09-12 22:21:20.362888, Последнее изменение: 2024-07-02 23:15:59, Владелец: root
2024-12-11 23:22:14,218 - INFO - Файл: /etc/systemd/resolved.conf, Размер: 631 байт, Создано: 2024-09-12 22:21:20.363888, Последнее изменение: 2024-07-02 23:16:06, Владелец: root
2024-12-11 23:22:14,218 - INFO - Файл: /etc/systemd/system.conf, Размер: 1751 байт, Создано: 2024-09-12 22:21:20.369889, Последнее изменение: 2024-07-02 23:16:06, Владелец: root
2024-12-11 23:22:14,218 - INFO - Файл: /etc/systemd/user.conf, Размер: 1130 байт, Создано: 2024-09-12 22:21:20.369889, Последнее изменение: 2018-06-22 14:11:49, Владелец: root
2024-12-11 23:22:14,218 - INFO - Директория: /etc/systemd/system, Размер: 4096 байт, Создано: 2024-09-12 22:21:28.748593, Последнее изменение: 2024-09-06 19:38:49, Владелец: root
2024-12-11 23:22:14,219 - INFO - Директория: /etc/systemd/user, Размер: 4096 байт, Создано: 2024-09-12 22:21:28.747593, Последнее изменение: 2024-07-02 23:16:37, Владелец: root
2024-12-11 23:22:14,222 - INFO - Директория: /etc/systemd/system, Размер: 4096 байт, Создано: 2024-09-12 22:21:28.748593, Последнее изменение: 2024-09-06 19:38:49, Владелец: root
2024-12-11 23:22:14,222 - INFO - Файл: /etc/systemd/system/console-getty.service, Размер: 0 байт, Создано: 2024-12-11 15:44:53.854656, Последнее изменение: 2024-12-11 15:44:53.853656, Владелец: root
2024-12-11 23:22:14,222 - INFO - Файл: /etc/systemd/system/ctrl-alt-del.target, Размер: 583 байт, Создано: 2024-09-12 22:21:22.675939, Последнее изменение: 2018-06-22 14:11:49, Владелец: root
2024-12-11 23:22:14,222 - INFO - Файл: /etc/systemd/system/dev-hugepages.mount, Размер: 0 байт, Создано: 2024-12-11 15:44:53.854656, Последнее изменение: 2024-12-11 15:44:53.853656, Владелец: root
2024-12-11 23:22:14,222 - INFO - Файл: /etc/systemd/system/getty.target, Размер: 0 байт, Создано: 2024-12-11 15:44:53.854656, Последнее изменение: 2024-12-11 15:44:53.853656, Владелец: root
2024-12-11 23:22:14,222 - INFO - Файл: /etc/systemd/system/sys-fs-fuse-connections.mount, Размер: 0 байт, Создано: 2024-12-11 15:44:53.854656, Последнее изменение: 2024-12-11 15:44:53.853656, Владелец: root
2024-12-11 23:22:14,222 - ERROR - Ошибка при получении информации о /etc/systemd/system/syslog.service: [Errno 2] No such file or directory: '/etc/systemd/system/syslog.service'
2024-12-11 23:22:14,223 - INFO - Файл: /etc/systemd/system/systemd-logind.service, Размер: 0 байт, Создано: 2024-12-11 15:44:53.854656, Последнее изменение: 2024-12-11 15:44:53.853656, Владелец: root
2024-12-11 23:22:14,223 - INFO - Файл: /etc/systemd/system/systemd-machine-id-commit.service, Размер: 0 байт, Создано: 2024-12-11 15:44:53.854656, Последнее изменение: 2024-12-11 15:44:53.853656, Владелец: root
2024-12-11 23:22:14,223 - INFO - Файл: /etc/systemd/system/systemd-random-seed.service, Размер: 0 байт, Создано: 2024-12-11 15:44:53.854656, Последнее изменение: 2024-12-11 15:44:53.853656, Владелец: root
2024-12-11 23:22:14,223 - INFO - Файл: /etc/systemd/system/systemd-remount-fs.service, Размер: 0 байт, Создано: 2024-12-11 15:44:53.854656, Последнее изменение: 2024-12-11 15:44:53.853656, Владелец: root
2024-12-11 23:22:14,223 - INFO - Файл: /etc/systemd/system/systemd-udev-trigger.service, Размер: 0 байт, Создано: 2024-12-11 15:44:53.854656, Последнее изменение: 2024-12-11 15:44:53.853656, Владелец: root
2024-12-11 23:22:14,223 - INFO - Файл: /etc/systemd/system/systemd-udevd.service, Размер: 0 байт, Создано: 2024-12-11 15:44:53.854656, Последнее изменение: 2024-12-11 15:44:53.853656, Владелец: root
2024-12-11 23:22:14,223 - INFO - Директория: /etc/systemd/system/getty.target.wants, Размер: 4096 байт, Создано: 2024-09-12 22:21:28.748593, Последнее изменение: 2024-09-06 19:38:39, Владелец: root
2024-12-11 23:22:14,224 - INFO - Директория: /etc/systemd/system/multi-user.target.wants, Размер: 4096 байт, Создано: 2024-09-12 22:21:28.748593, Последнее изменение: 2024-09-06 19:38:39, Владелец: root
2024-12-11 23:22:14,224 - INFO - Директория: /etc/systemd/system/sysinit.target.wants, Размер: 4096 байт, Создано: 2024-09-12 22:21:28.748593, Последнее изменение: 2024-09-06 19:38:41, Владелец: root
2024-12-11 23:22:14,224 - INFO - Директория: /etc/systemd/system/timers.target.wants, Размер: 4096 байт, Создано: 2024-09-12 22:21:28.748593, Последнее изменение: 2024-09-06 19:38:41, Владелец: root
2024-12-11 23:22:14,224 - INFO - Директория: /etc/systemd/system/getty.target.wants, Размер: 4096 байт, Создано: 2024-09-12 22:21:28.748593, Последнее изменение: 2024-09-06 19:38:39, Владелец: root
2024-12-11 23:22:14,225 - INFO - Файл: /etc/systemd/system/getty.target.wants/getty@tty1.service, Размер: 1975 байт, Создано: 2024-09-12 22:21:22.656750, Последнее изменение: 2024-07-02 23:16:24, Владелец: root
2024-12-11 23:22:14,225 - INFO - Директория: /etc/systemd/system/multi-user.target.wants, Размер: 4096 байт, Создано: 2024-09-12 22:21:28.748593, Последнее изменение: 2024-09-06 19:38:39, Владелец: root
2024-12-11 23:22:14,225 - INFO - Файл: /etc/systemd/system/multi-user.target.wants/remote-fs.target, Размер: 522 байт, Создано: 2024-09-12 22:21:22.676939, Последнее изменение: 2018-06-22 14:11:49, Владелец: root
2024-12-11 23:22:14,226 - INFO - Директория: /etc/systemd/system/sysinit.target.wants, Размер: 4096 байт, Создано: 2024-09-12 22:21:28.748593, Последнее изменение: 2024-09-06 19:38:41, Владелец: root
2024-12-11 23:22:14,226 - INFO - Файл: /etc/systemd/system/sysinit.target.wants/nis-domainname.service, Размер: 378 байт, Создано: 2024-09-12 22:21:22.671932, Последнее изменение: 2019-10-11 16:06:50, Владелец: root
2024-12-11 23:22:14,227 - INFO - Файл: /etc/systemd/system/sysinit.target.wants/systemd-pstore.service, Размер: 840 байт, Создано: 2024-09-12 22:21:22.713592, Последнее изменение: 2024-07-02 23:16:23, Владелец: root
2024-12-11 23:22:14,228 - INFO - Директория: /etc/systemd/system/timers.target.wants, Размер: 4096 байт, Создано: 2024-09-12 22:21:28.748593, Последнее изменение: 2024-09-06 19:38:41, Владелец: root
2024-12-11 23:22:14,228 - INFO - Файл: /etc/systemd/system/timers.target.wants/dnf-makecache.timer, Размер: 320 байт, Создано: 2024-09-12 22:21:22.649747, Последнее изменение: 2021-04-12 18:26:33, Владелец: root
2024-12-11 23:22:14,228 - INFO - Файл: /etc/systemd/system/timers.target.wants/unbound-anchor.timer, Размер: 346 байт, Создано: 2024-09-12 22:21:22.726434, Последнее изменение: 2024-04-12 16:11:00, Владелец: root
2024-12-11 23:22:14,228 - INFO - Директория: /etc/systemd/user, Размер: 4096 байт, Создано: 2024-09-12 22:21:28.747593, Последнее изменение: 2024-07-02 23:16:37, Владелец: root
2024-12-11 23:22:14,228 - INFO - Директория: /etc/terminfo, Размер: 4096 байт, Создано: 2024-09-12 22:21:28.747593, Последнее изменение: 2023-10-14 21:52:14, Владелец: root
2024-12-11 23:22:14,229 - INFO - Директория: /etc/tmpfiles.d, Размер: 4096 байт, Создано: 2024-09-12 22:21:28.747593, Последнее изменение: 2024-07-02 23:16:38, Владелец: root
2024-12-11 23:22:14,229 - INFO - Директория: /etc/udev, Размер: 4096 байт, Создано: 2024-09-12 22:21:28.747593, Последнее изменение: 2024-09-06 19:38:40, Владелец: root
2024-12-11 23:22:14,229 - INFO - Файл: /etc/udev/hwdb.bin, Размер: 9455488 байт, Создано: 2024-09-12 22:21:20.388200, Последнее изменение: 2024-09-06 19:38:40, Владелец: root
2024-12-11 23:22:14,229 - INFO - Файл: /etc/udev/udev.conf, Размер: 215 байт, Создано: 2024-09-12 22:21:20.389200, Последнее изменение: 2018-06-22 14:11:49, Владелец: root
2024-12-11 23:22:14,229 - INFO - Директория: /etc/udev/hwdb.d, Размер: 4096 байт, Создано: 2024-09-12 22:21:28.747593, Последнее изменение: 2024-07-02 23:16:38, Владелец: root
2024-12-11 23:22:14,229 - INFO - Директория: /etc/udev/rules.d, Размер: 4096 байт, Создано: 2024-09-12 22:21:28.747593, Последнее изменение: 2024-07-02 23:16:37, Владелец: root
2024-12-11 23:22:14,230 - INFO - Директория: /etc/udev/hwdb.d, Размер: 4096 байт, Создано: 2024-09-12 22:21:28.747593, Последнее изменение: 2024-07-02 23:16:38, Владелец: root
2024-12-11 23:22:14,230 - INFO - Директория: /etc/udev/rules.d, Размер: 4096 байт, Создано: 2024-09-12 22:21:28.747593, Последнее изменение: 2024-07-02 23:16:37, Владелец: root
2024-12-11 23:22:14,230 - INFO - Директория: /etc/unbound, Размер: 4096 байт, Создано: 2024-09-12 22:21:28.747593, Последнее изменение: 2024-09-06 19:38:40, Владелец: root
2024-12-11 23:22:14,230 - INFO - Файл: /etc/unbound/icannbundle.pem, Размер: 1261 байт, Создано: 2024-09-12 22:21:20.390200, Последнее изменение: 2024-04-12 16:11:00, Владелец: root
2024-12-11 23:22:14,230 - INFO - Файл: /etc/unbound/root.key, Размер: 555 байт, Создано: 2024-09-12 22:21:20.390200, Последнее изменение: 2024-04-12 16:21:58, Владелец: root
2024-12-11 23:22:14,231 - INFO - Директория: /etc/X11, Размер: 4096 байт, Создано: 2024-09-12 22:21:28.759102, Последнее изменение: 2024-09-06 19:38:39, Владелец: root
2024-12-11 23:22:14,231 - INFO - Директория: /etc/X11/applnk, Размер: 4096 байт, Создано: 2024-09-12 22:21:28.759102, Последнее изменение: 2021-10-09 11:49:37, Владелец: root
2024-12-11 23:22:14,231 - INFO - Директория: /etc/X11/fontpath.d, Размер: 4096 байт, Создано: 2024-09-12 22:21:28.759102, Последнее изменение: 2021-10-09 11:49:37, Владелец: root
2024-12-11 23:22:14,231 - INFO - Директория: /etc/X11/xinit, Размер: 4096 байт, Создано: 2024-09-12 22:21:28.759102, Последнее изменение: 2024-09-06 19:38:39, Владелец: root
2024-12-11 23:22:14,231 - INFO - Директория: /etc/X11/applnk, Размер: 4096 байт, Создано: 2024-09-12 22:21:28.759102, Последнее изменение: 2021-10-09 11:49:37, Владелец: root
2024-12-11 23:22:14,232 - INFO - Директория: /etc/X11/fontpath.d, Размер: 4096 байт, Создано: 2024-09-12 22:21:28.759102, Последнее изменение: 2021-10-09 11:49:37, Владелец: root
2024-12-11 23:22:14,232 - INFO - Директория: /etc/X11/xinit, Размер: 4096 байт, Создано: 2024-09-12 22:21:28.759102, Последнее изменение: 2024-09-06 19:38:39, Владелец: root
2024-12-11 23:22:14,232 - INFO - Директория: /etc/X11/xinit/xinitrc.d, Размер: 4096 байт, Создано: 2024-09-12 22:21:28.759102, Последнее изменение: 2024-09-06 19:38:39, Владелец: root
2024-12-11 23:22:14,232 - INFO - Директория: /etc/X11/xinit/xinitrc.d, Размер: 4096 байт, Создано: 2024-09-12 22:21:28.759102, Последнее изменение: 2024-09-06 19:38:39, Владелец: root
2024-12-11 23:22:14,233 - INFO - Файл: /etc/X11/xinit/xinitrc.d/50-systemd-user.sh, Размер: 203 байт, Создано: 2024-09-12 22:21:20.255579, Последнее изменение: 2018-06-22 14:11:49, Владелец: root
2024-12-11 23:22:14,233 - INFO - Директория: /etc/xdg, Размер: 4096 байт, Создано: 2024-09-12 22:21:28.747593, Последнее изменение: 2024-09-06 19:38:39, Владелец: root
2024-12-11 23:22:14,233 - INFO - Директория: /etc/xdg/autostart, Размер: 4096 байт, Создано: 2024-09-12 22:21:28.747593, Последнее изменение: 2021-10-09 11:49:37, Владелец: root
2024-12-11 23:22:14,233 - INFO - Директория: /etc/xdg/systemd, Размер: 4096 байт, Создано: 2024-09-12 22:21:28.747593, Последнее изменение: 2024-09-06 19:38:39, Владелец: root
2024-12-11 23:22:14,233 - INFO - Директория: /etc/xdg/autostart, Размер: 4096 байт, Создано: 2024-09-12 22:21:28.747593, Последнее изменение: 2021-10-09 11:49:37, Владелец: root
2024-12-11 23:22:14,234 - INFO - Директория: /etc/xdg/systemd, Размер: 4096 байт, Создано: 2024-09-12 22:21:28.747593, Последнее изменение: 2024-09-06 19:38:39, Владелец: root
2024-12-11 23:22:14,234 - INFO - Директория: /etc/xdg/systemd/user, Размер: 4096 байт, Создано: 2024-09-12 22:21:28.747593, Последнее изменение: 2024-07-02 23:16:37, Владелец: root
2024-12-11 23:22:14,234 - INFO - Директория: /etc/xinetd.d, Размер: 4096 байт, Создано: 2024-09-12 22:21:28.746593, Последнее изменение: 2021-10-09 11:49:37, Владелец: root
2024-12-11 23:22:14,234 - INFO - Директория: /etc/yum.repos.d, Размер: 4096 байт, Создано: 2024-09-12 22:21:28.746593, Последнее изменение: 2024-09-06 19:38:30, Владелец: root
2024-12-11 23:22:14,235 - INFO - Файл: /etc/yum.repos.d/almalinux-ha.repo, Размер: 943 байт, Создано: 2024-09-12 22:21:20.393708, Последнее изменение: 2024-05-22 17:49:44, Владелец: root
2024-12-11 23:22:14,235 - INFO - Файл: /etc/yum.repos.d/almalinux-nfv.repo, Размер: 905 байт, Создано: 2024-09-12 22:21:20.394707, Последнее изменение: 2024-05-22 17:49:44, Владелец: root
2024-12-11 23:22:14,235 - INFO - Файл: /etc/yum.repos.d/almalinux-plus.repo, Размер: 885 байт, Создано: 2024-09-12 22:21:20.394707, Последнее изменение: 2024-05-22 17:49:44, Владелец: root
2024-12-11 23:22:14,235 - INFO - Файл: /etc/yum.repos.d/almalinux-powertools.repo, Размер: 963 байт, Создано: 2024-09-12 22:21:20.395708, Последнее изменение: 2024-05-22 17:49:44, Владелец: root
2024-12-11 23:22:14,235 - INFO - Файл: /etc/yum.repos.d/almalinux-resilientstorage.repo, Размер: 1041 байт, Создано: 2024-09-12 22:21:20.395708, Последнее изменение: 2024-05-22 17:49:44, Владелец: root
2024-12-11 23:22:14,236 - INFO - Файл: /etc/yum.repos.d/almalinux-rt.repo, Размер: 871 байт, Создано: 2024-09-12 22:21:20.395708, Последнее изменение: 2024-05-22 17:49:44, Владелец: root
2024-12-11 23:22:14,236 - INFO - Файл: /etc/yum.repos.d/almalinux-sap.repo, Размер: 873 байт, Создано: 2024-09-12 22:21:20.395708, Последнее изменение: 2024-05-22 17:49:44, Владелец: root
2024-12-11 23:22:14,236 - INFO - Файл: /etc/yum.repos.d/almalinux-saphana.repo, Размер: 928 байт, Создано: 2024-09-12 22:21:20.396708, Последнее изменение: 2024-05-22 17:49:44, Владелец: root
2024-12-11 23:22:14,236 - INFO - Файл: /etc/yum.repos.d/almalinux.repo, Размер: 2666 байт, Создано: 2024-09-12 22:21:20.396708, Последнее изменение: 2024-05-22 17:49:44, Владелец: root
